<?xml version="1.0" encoding="UTF-8"?>
<!-- Generated by org.testng.reporters.JUnitXMLReporter -->
<testsuite hostname="REM-L-SINGHH" ignored="0" name="Test Case: 005 - Login with &#039;Partner Developer&#039; Credetials and verify TabAvailablity" tests="2" failures="2" timestamp="28 Oct 2019 10:22:34 GMT" time="0.487" errors="0">
  <testcase name="@AfterTest applicationClose" time="0.0" classname="VW_TC.TC0000_Debug_Testing">
    <failure type="java.lang.NullPointerException">
      <![CDATA[java.lang.NullPointerException
at VW_TC.TC0000_Debug_Testing.applicationClose(TC0000_Debug_Testing.java:198)
... Removed 24 stack frames]]>
    </failure>
  </testcase> <!-- @AfterTest applicationClose -->
  <testcase name="logInWithExpirixAdmin" time="0.453" classname="VW_TC.TC0000_Debug_Testing">
    <failure type="java.lang.NullPointerException">
      <![CDATA[java.lang.NullPointerException
at PageActions.pom001_VoiceWatch_logIn_Page.getUsername(pom001_VoiceWatch_logIn_Page.java:121)
at VW_TC.TC0000_Debug_Testing.logInWithExpirixAdmin(TC0000_Debug_Testing.java:42)
... Removed 25 stack frames]]>
    </failure>
  </testcase> <!-- logInWithExpirixAdmin -->
  <testcase name="scriptTabValidation" time="0.0" classname="VW_TC.TC0000_Debug_Testing">
    <failure type="java.lang.NullPointerException">
      <![CDATA[java.lang.NullPointerException
at PageActions.pom007_VoiceWatch_Script_Tabs.goScriptBuilderTabValidation(pom007_VoiceWatch_Script_Tabs.java:84)
at VW_TC.TC0000_Debug_Testing.scriptTabValidation(TC0000_Debug_Testing.java:148)
... Removed 25 stack frames]]>
    </failure>
  </testcase> <!-- scriptTabValidation -->
</testsuite> <!-- Test Case: 005 - Login with 'Partner Developer' Credetials and verify TabAvailablity -->
