<html>
<head>
<title>TestNG:  Test Case: 002 - Login with 'Empirix Admin' Credetials'and verify TabAvailablity</title>
<link href="../testng.css" rel="stylesheet" type="text/css" />
<link href="../my-testng.css" rel="stylesheet" type="text/css" />

<style type="text/css">
.log { display: none;} 
.stack-trace { display: none;} 
</style>
<script type="text/javascript">
<!--
function flip(e) {
  current = e.style.display;
  if (current == 'block') {
    e.style.display = 'none';
    return 0;
  }
  else {
    e.style.display = 'block';
    return 1;
  }
}

function toggleBox(szDivId, elem, msg1, msg2)
{
  var res = -1;  if (document.getElementById) {
    res = flip(document.getElementById(szDivId));
  }
  else if (document.all) {
    // this is the way old msie versions work
    res = flip(document.all[szDivId]);
  }
  if(elem) {
    if(res == 0) elem.innerHTML = msg1; else elem.innerHTML = msg2;
  }

}

function toggleAllBoxes() {
  if (document.getElementsByTagName) {
    d = document.getElementsByTagName('div');
    for (i = 0; i < d.length; i++) {
      if (d[i].className == 'log') {
        flip(d[i]);
      }
    }
  }
}

// -->
</script>

</head>
<body>
<h2 align='center'>Test Case: 002 - Login with 'Empirix Admin' Credetials'and verify TabAvailablity</h2><table border='1' align="center">
<tr>
<td>Tests passed/Failed/Skipped:</td><td>11/0/1</td>
</tr><tr>
<td>Started on:</td><td>Sun Nov 10 14:54:58 IST 2019</td>
</tr>
<tr><td>Total time:</td><td>368 seconds (368263 ms)</td>
</tr><tr>
<td>Included groups:</td><td></td>
</tr><tr>
<td>Excluded groups:</td><td></td>
</tr>
</table><p/>
<small><i>(Hover the method name to see the test class name)</i></small><p/>
<table width='100%' border='1' class='invocation-passed'>
<tr><td colspan='4' align='center'><b>PASSED TESTS</b></td></tr>
<tr><td><b>Test method</b></td>
<td width="30%"><b>Exception</b></td>
<td width="10%"><b>Time (seconds)</b></td>
<td><b>Instance</b></td>
</tr>
<tr>
<td title='VW_TC.TC0000_Debug_Testing1.TabAvailabilityValidation()'><b>TabAvailabilityValidation</b><br>Test class: VW_TC.TC0000_Debug_Testing1</td>
<td></td>
<td>0</td>
<td>VW_TC.TC0000_Debug_Testing1@22e357dc</td></tr>
<tr>
<td title='VW_TC.TC0000_Debug_Testing1.alertTabValidation()'><b>alertTabValidation</b><br>Test class: VW_TC.TC0000_Debug_Testing1</td>
<td></td>
<td>4</td>
<td>VW_TC.TC0000_Debug_Testing1@22e357dc</td></tr>
<tr>
<td title='VW_TC.TC0000_Debug_Testing1.dashBoardTabValidation()'><b>dashBoardTabValidation</b><br>Test class: VW_TC.TC0000_Debug_Testing1</td>
<td></td>
<td>3</td>
<td>VW_TC.TC0000_Debug_Testing1@22e357dc</td></tr>
<tr>
<td title='VW_TC.TC0000_Debug_Testing1.footerMandatoryDetails()'><b>footerMandatoryDetails</b><br>Test class: VW_TC.TC0000_Debug_Testing1</td>
<td></td>
<td>0</td>
<td>VW_TC.TC0000_Debug_Testing1@22e357dc</td></tr>
<tr>
<td title='VW_TC.TC0000_Debug_Testing1.hammerTabValidation()'><b>hammerTabValidation</b><br>Test class: VW_TC.TC0000_Debug_Testing1</td>
<td></td>
<td>4</td>
<td>VW_TC.TC0000_Debug_Testing1@22e357dc</td></tr>
<tr>
<td title='VW_TC.TC0000_Debug_Testing1.headerMandatoryDetails()'><b>headerMandatoryDetails</b><br>Test class: VW_TC.TC0000_Debug_Testing1</td>
<td></td>
<td>0</td>
<td>VW_TC.TC0000_Debug_Testing1@22e357dc</td></tr>
<tr>
<td title='VW_TC.TC0000_Debug_Testing1.logInWithExpirixAdmin()'><b>logInWithExpirixAdmin</b><br>Test class: VW_TC.TC0000_Debug_Testing1</td>
<td></td>
<td>26</td>
<td>VW_TC.TC0000_Debug_Testing1@22e357dc</td></tr>
<tr>
<td title='VW_TC.TC0000_Debug_Testing1.scriptTabValidation()'><b>scriptTabValidation</b><br>Test class: VW_TC.TC0000_Debug_Testing1</td>
<td></td>
<td>101</td>
<td>VW_TC.TC0000_Debug_Testing1@22e357dc</td></tr>
<tr>
<td title='VW_TC.TC0000_Debug_Testing1.tagTabValidation()'><b>tagTabValidation</b><br>Test class: VW_TC.TC0000_Debug_Testing1</td>
<td></td>
<td>13</td>
<td>VW_TC.TC0000_Debug_Testing1@22e357dc</td></tr>
<tr>
<td title='VW_TC.TC0000_Debug_Testing1.testTabValidation()'><b>testTabValidation</b><br>Test class: VW_TC.TC0000_Debug_Testing1</td>
<td></td>
<td>69</td>
<td>VW_TC.TC0000_Debug_Testing1@22e357dc</td></tr>
<tr>
<td title='VW_TC.TC0000_Debug_Testing1.variableTabValidation()'><b>variableTabValidation</b><br>Test class: VW_TC.TC0000_Debug_Testing1</td>
<td></td>
<td>14</td>
<td>VW_TC.TC0000_Debug_Testing1@22e357dc</td></tr>
</table><p>
<table width='100%' border='1' class='invocation-skipped'>
<tr><td colspan='4' align='center'><b>SKIPPED TESTS</b></td></tr>
<tr><td><b>Test method</b></td>
<td width="30%"><b>Exception</b></td>
<td width="10%"><b>Time (seconds)</b></td>
<td><b>Instance</b></td>
</tr>
<tr>
<td title='VW_TC.TC0000_Debug_Testing1.scriptTabValidation()'><b>scriptTabValidation</b><br>Test class: VW_TC.TC0000_Debug_Testing1</td>
<td><div><pre>org.openqa.selenium.NoSuchElementException: no such element: Unable to locate element: {&quot;method&quot;:&quot;xpath&quot;,&quot;selector&quot;:&quot;//div[@class=&apos;panel-heading ng-binding&apos;]&quot;}
  (Session info: chrome=78.0.3904.87)
For documentation on this error, please visit: http://seleniumhq.org/exceptions/no_such_element.html
Build info: version: &apos;3.14.0&apos;, revision: &apos;aacccce0&apos;, time: &apos;2018-08-02T20:19:58.91Z&apos;
System info: host: &apos;REM-L-SINGHH&apos;, ip: &apos;10.12.60.21&apos;, os.name: &apos;Windows 10&apos;, os.arch: &apos;amd64&apos;, os.version: &apos;10.0&apos;, java.version: &apos;1.8.0_171&apos;
Driver info: org.openqa.selenium.chrome.ChromeDriver
Capabilities {acceptInsecureCerts: false, browserName: chrome, browserVersion: 78.0.3904.87, chrome: {chromedriverVersion: 78.0.3904.70 (edb9c9f3de024..., userDataDir: C:\Users\hsingh\AppData\Loc...}, goog:chromeOptions: {debuggerAddress: localhost:61937}, javascriptEnabled: true, networkConnectionEnabled: false, pageLoadStrategy: normal, platform: XP, platformName: XP, proxy: Proxy(), setWindowRect: true, strictFileInteractability: false, timeouts: {implicit: 0, pageLoad: 300000, script: 30000}, unhandledPromptBehavior: dismiss and notify}
Session ID: 5deaed35d7a89880ffbf125ac3e4088e
*** Element info: {Using=xpath, value=//div[@class=&apos;panel-heading ng-binding&apos;]}
	at org.openqa.selenium.remote.http.W3CHttpResponseCodec.createException(W3CHttpResponseCodec.java:187)
	at org.openqa.selenium.remote.http.W3CHttpResponseCodec.decode(W3CHttpResponseCodec.java:122)
	at org.openqa.selenium.remote.http.W3CHttpResponseCodec.decode(W3CHttpResponseCodec.java:49)
	at org.openqa.selenium.remote.HttpCommandExecutor.execute(HttpCommandExecutor.java:158)
	at org.openqa.selenium.remote.service.DriverCommandExecutor.execute(DriverCommandExecutor.java:83)
	at org.openqa.selenium.remote.RemoteWebDriver.execute(RemoteWebDriver.java:548)
	at org.openqa.selenium.remote.RemoteWebDriver.findElement(RemoteWebDriver.java:322)
	at org.openqa.selenium.remote.RemoteWebDriver.findElementByXPath(RemoteWebDriver.java:424)
	at org.openqa.selenium.By$ByXPath.findElement(By.java:353)
	at org.openqa.selenium.remote.RemoteWebDriver.findElement(RemoteWebDriver.java:314)
	at PageActions.pom007_VoiceWatch_Script_Tabs.goScriptBuilderTabValidation(pom007_VoiceWatch_Script_Tabs.java:98)
	at VW_TC.TC0000_Debug_Testing1.scriptTabValidation(TC0000_Debug_Testing1.java:157)
... Removed 28 stack frames</pre></div><a href='#' onClick='toggleBox("stack-trace373158489", this, "Click to show all stack frames", "Click to hide stack frames")'>Click to show all stack frames</a>
<div class='stack-trace' id='stack-trace373158489'><pre>org.openqa.selenium.NoSuchElementException: no such element: Unable to locate element: {&quot;method&quot;:&quot;xpath&quot;,&quot;selector&quot;:&quot;//div[@class=&apos;panel-heading ng-binding&apos;]&quot;}
  (Session info: chrome=78.0.3904.87)
For documentation on this error, please visit: http://seleniumhq.org/exceptions/no_such_element.html
Build info: version: &apos;3.14.0&apos;, revision: &apos;aacccce0&apos;, time: &apos;2018-08-02T20:19:58.91Z&apos;
System info: host: &apos;REM-L-SINGHH&apos;, ip: &apos;10.12.60.21&apos;, os.name: &apos;Windows 10&apos;, os.arch: &apos;amd64&apos;, os.version: &apos;10.0&apos;, java.version: &apos;1.8.0_171&apos;
Driver info: org.openqa.selenium.chrome.ChromeDriver
Capabilities {acceptInsecureCerts: false, browserName: chrome, browserVersion: 78.0.3904.87, chrome: {chromedriverVersion: 78.0.3904.70 (edb9c9f3de024..., userDataDir: C:\Users\hsingh\AppData\Loc...}, goog:chromeOptions: {debuggerAddress: localhost:61937}, javascriptEnabled: true, networkConnectionEnabled: false, pageLoadStrategy: normal, platform: XP, platformName: XP, proxy: Proxy(), setWindowRect: true, strictFileInteractability: false, timeouts: {implicit: 0, pageLoad: 300000, script: 30000}, unhandledPromptBehavior: dismiss and notify}
Session ID: 5deaed35d7a89880ffbf125ac3e4088e
*** Element info: {Using=xpath, value=//div[@class=&apos;panel-heading ng-binding&apos;]}
	at sun.reflect.NativeConstructorAccessorImpl.newInstance0(Native Method)
	at sun.reflect.NativeConstructorAccessorImpl.newInstance(Unknown Source)
	at sun.reflect.DelegatingConstructorAccessorImpl.newInstance(Unknown Source)
	at java.lang.reflect.Constructor.newInstance(Unknown Source)
	at org.openqa.selenium.remote.http.W3CHttpResponseCodec.createException(W3CHttpResponseCodec.java:187)
	at org.openqa.selenium.remote.http.W3CHttpResponseCodec.decode(W3CHttpResponseCodec.java:122)
	at org.openqa.selenium.remote.http.W3CHttpResponseCodec.decode(W3CHttpResponseCodec.java:49)
	at org.openqa.selenium.remote.HttpCommandExecutor.execute(HttpCommandExecutor.java:158)
	at org.openqa.selenium.remote.service.DriverCommandExecutor.execute(DriverCommandExecutor.java:83)
	at org.openqa.selenium.remote.RemoteWebDriver.execute(RemoteWebDriver.java:548)
	at org.openqa.selenium.remote.RemoteWebDriver.findElement(RemoteWebDriver.java:322)
	at org.openqa.selenium.remote.RemoteWebDriver.findElementByXPath(RemoteWebDriver.java:424)
	at org.openqa.selenium.By$ByXPath.findElement(By.java:353)
	at org.openqa.selenium.remote.RemoteWebDriver.findElement(RemoteWebDriver.java:314)
	at PageActions.pom007_VoiceWatch_Script_Tabs.goScriptBuilderTabValidation(pom007_VoiceWatch_Script_Tabs.java:98)
	at VW_TC.TC0000_Debug_Testing1.scriptTabValidation(TC0000_Debug_Testing1.java:157)
	at sun.reflect.NativeMethodAccessorImpl.invoke0(Native Method)
	at sun.reflect.NativeMethodAccessorImpl.invoke(Unknown Source)
	at sun.reflect.DelegatingMethodAccessorImpl.invoke(Unknown Source)
	at java.lang.reflect.Method.invoke(Unknown Source)
	at org.testng.internal.MethodInvocationHelper.invokeMethod(MethodInvocationHelper.java:86)
	at org.testng.internal.Invoker.invokeMethod(Invoker.java:645)
	at org.testng.internal.Invoker.invokeTestMethod(Invoker.java:822)
	at org.testng.internal.Invoker.invokeTestMethods(Invoker.java:1130)
	at org.testng.internal.TestMethodWorker.invokeTestMethods(TestMethodWorker.java:129)
	at org.testng.internal.TestMethodWorker.run(TestMethodWorker.java:112)
	at org.testng.TestRunner.privateRun(TestRunner.java:782)
	at org.testng.TestRunner.run(TestRunner.java:632)
	at org.testng.SuiteRunner.runTest(SuiteRunner.java:366)
	at org.testng.SuiteRunner.runSequentially(SuiteRunner.java:361)
	at org.testng.SuiteRunner.privateRun(SuiteRunner.java:319)
	at org.testng.SuiteRunner.run(SuiteRunner.java:268)
	at org.testng.SuiteRunnerWorker.runSuite(SuiteRunnerWorker.java:52)
	at org.testng.SuiteRunnerWorker.run(SuiteRunnerWorker.java:86)
	at org.testng.TestNG.runSuitesSequentially(TestNG.java:1244)
	at org.testng.TestNG.runSuitesLocally(TestNG.java:1169)
	at org.testng.TestNG.run(TestNG.java:1064)
	at org.testng.remote.RemoteTestNG.run(RemoteTestNG.java:113)
	at org.testng.remote.RemoteTestNG.initAndRun(RemoteTestNG.java:206)
	at org.testng.remote.RemoteTestNG.main(RemoteTestNG.java:177)
</pre></div></td>
<td>110</td>
<td>VW_TC.TC0000_Debug_Testing1@22e357dc</td></tr>
</table><p>
</body>
</html>