<html>
<head>
<title>TestNG:  Test Case: 000 - Login with 'Empirix Admin' Credetials'and verify TabAvailablity</title>
<link href="../testng.css" rel="stylesheet" type="text/css" />
<link href="../my-testng.css" rel="stylesheet" type="text/css" />

<style type="text/css">
.log { display: none;} 
.stack-trace { display: none;} 
</style>
<script type="text/javascript">
<!--
function flip(e) {
  current = e.style.display;
  if (current == 'block') {
    e.style.display = 'none';
    return 0;
  }
  else {
    e.style.display = 'block';
    return 1;
  }
}

function toggleBox(szDivId, elem, msg1, msg2)
{
  var res = -1;  if (document.getElementById) {
    res = flip(document.getElementById(szDivId));
  }
  else if (document.all) {
    // this is the way old msie versions work
    res = flip(document.all[szDivId]);
  }
  if(elem) {
    if(res == 0) elem.innerHTML = msg1; else elem.innerHTML = msg2;
  }

}

function toggleAllBoxes() {
  if (document.getElementsByTagName) {
    d = document.getElementsByTagName('div');
    for (i = 0; i < d.length; i++) {
      if (d[i].className == 'log') {
        flip(d[i]);
      }
    }
  }
}

// -->
</script>

</head>
<body>
<h2 align='center'>Test Case: 000 - Login with 'Empirix Admin' Credetials'and verify TabAvailablity</h2><table border='1' align="center">
<tr>
<td>Tests passed/Failed/Skipped:</td><td>10/1/0</td>
</tr><tr>
<td>Started on:</td><td>Tue Oct 22 23:25:57 IST 2019</td>
</tr>
<tr><td>Total time:</td><td>233 seconds (233267 ms)</td>
</tr><tr>
<td>Included groups:</td><td></td>
</tr><tr>
<td>Excluded groups:</td><td></td>
</tr>
</table><p/>
<small><i>(Hover the method name to see the test class name)</i></small><p/>
<table width='100%' border='1' class='invocation-failed'>
<tr><td colspan='4' align='center'><b>FAILED TESTS</b></td></tr>
<tr><td><b>Test method</b></td>
<td width="30%"><b>Exception</b></td>
<td width="10%"><b>Time (seconds)</b></td>
<td><b>Instance</b></td>
</tr>
<tr>
<td title='VW_TC.TC0000_Debug_Testing.testTabValidation()'><b>testTabValidation</b><br>Test class: VW_TC.TC0000_Debug_Testing</td>
<td><div><pre>org.openqa.selenium.StaleElementReferenceException: The element reference of &lt;span class=&quot;label label-pretty ng-binding ng-isolate-scope labelsuccess&quot;&gt; is stale; either the element is no longer attached to the DOM, it is not in the current frame context, or the document has been refreshed
For documentation on this error, please visit: http://seleniumhq.org/exceptions/stale_element_reference.html
Build info: version: &apos;3.14.0&apos;, revision: &apos;aacccce0&apos;, time: &apos;2018-08-02T20:19:58.91Z&apos;
System info: host: &apos;REM-L-SINGHH&apos;, ip: &apos;192.168.118.35&apos;, os.name: &apos;Windows 10&apos;, os.arch: &apos;amd64&apos;, os.version: &apos;10.0&apos;, java.version: &apos;1.8.0_171&apos;
Driver info: org.openqa.selenium.firefox.FirefoxDriver
Capabilities {acceptInsecureCerts: true, browserName: firefox, browserVersion: 69.0.1, javascriptEnabled: true, moz:accessibilityChecks: false, moz:buildID: 20190917135527, moz:geckodriverVersion: 0.26.0, moz:headless: false, moz:processID: 3492, moz:profile: C:\Users\hsingh\AppData\Loc..., moz:shutdownTimeout: 60000, moz:useNonSpecCompliantPointerOrigin: false, moz:webdriverClick: true, pageLoadStrategy: normal, platform: WINDOWS, platformName: WINDOWS, platformVersion: 10.0, rotatable: false, setWindowRect: true, strictFileInteractability: false, timeouts: {implicit: 0, pageLoad: 300000, script: 30000}, unhandledPromptBehavior: dismiss and notify}
Session ID: 132a92ee-4b39-4ff5-aeeb-737daf0abd8c
	at org.openqa.selenium.remote.http.W3CHttpResponseCodec.createException(W3CHttpResponseCodec.java:187)
	at org.openqa.selenium.remote.http.W3CHttpResponseCodec.decode(W3CHttpResponseCodec.java:122)
	at org.openqa.selenium.remote.http.W3CHttpResponseCodec.decode(W3CHttpResponseCodec.java:49)
	at org.openqa.selenium.remote.HttpCommandExecutor.execute(HttpCommandExecutor.java:158)
	at org.openqa.selenium.remote.service.DriverCommandExecutor.execute(DriverCommandExecutor.java:83)
	at org.openqa.selenium.remote.RemoteWebDriver.execute(RemoteWebDriver.java:548)
	at org.openqa.selenium.remote.RemoteWebElement.execute(RemoteWebElement.java:276)
	at org.openqa.selenium.remote.RemoteWebElement.isEnabled(RemoteWebElement.java:150)
	at PageActions.pom005_VoiceWatch_Tests_Tab.createTestbyLink(pom005_VoiceWatch_Tests_Tab.java:945)
	at VW_TC.TC0000_Debug_Testing.testTabValidation(TC0000_Debug_Testing.java:125)
... Removed 33 stack frames</pre></div><a href='#' onClick='toggleBox("stack-trace1786386957", this, "Click to show all stack frames", "Click to hide stack frames")'>Click to show all stack frames</a>
<div class='stack-trace' id='stack-trace1786386957'><pre>org.openqa.selenium.StaleElementReferenceException: The element reference of &lt;span class=&quot;label label-pretty ng-binding ng-isolate-scope labelsuccess&quot;&gt; is stale; either the element is no longer attached to the DOM, it is not in the current frame context, or the document has been refreshed
For documentation on this error, please visit: http://seleniumhq.org/exceptions/stale_element_reference.html
Build info: version: &apos;3.14.0&apos;, revision: &apos;aacccce0&apos;, time: &apos;2018-08-02T20:19:58.91Z&apos;
System info: host: &apos;REM-L-SINGHH&apos;, ip: &apos;192.168.118.35&apos;, os.name: &apos;Windows 10&apos;, os.arch: &apos;amd64&apos;, os.version: &apos;10.0&apos;, java.version: &apos;1.8.0_171&apos;
Driver info: org.openqa.selenium.firefox.FirefoxDriver
Capabilities {acceptInsecureCerts: true, browserName: firefox, browserVersion: 69.0.1, javascriptEnabled: true, moz:accessibilityChecks: false, moz:buildID: 20190917135527, moz:geckodriverVersion: 0.26.0, moz:headless: false, moz:processID: 3492, moz:profile: C:\Users\hsingh\AppData\Loc..., moz:shutdownTimeout: 60000, moz:useNonSpecCompliantPointerOrigin: false, moz:webdriverClick: true, pageLoadStrategy: normal, platform: WINDOWS, platformName: WINDOWS, platformVersion: 10.0, rotatable: false, setWindowRect: true, strictFileInteractability: false, timeouts: {implicit: 0, pageLoad: 300000, script: 30000}, unhandledPromptBehavior: dismiss and notify}
Session ID: 132a92ee-4b39-4ff5-aeeb-737daf0abd8c
	at sun.reflect.NativeConstructorAccessorImpl.newInstance0(Native Method)
	at sun.reflect.NativeConstructorAccessorImpl.newInstance(NativeConstructorAccessorImpl.java:62)
	at sun.reflect.DelegatingConstructorAccessorImpl.newInstance(DelegatingConstructorAccessorImpl.java:45)
	at java.lang.reflect.Constructor.newInstance(Constructor.java:423)
	at org.openqa.selenium.remote.http.W3CHttpResponseCodec.createException(W3CHttpResponseCodec.java:187)
	at org.openqa.selenium.remote.http.W3CHttpResponseCodec.decode(W3CHttpResponseCodec.java:122)
	at org.openqa.selenium.remote.http.W3CHttpResponseCodec.decode(W3CHttpResponseCodec.java:49)
	at org.openqa.selenium.remote.HttpCommandExecutor.execute(HttpCommandExecutor.java:158)
	at org.openqa.selenium.remote.service.DriverCommandExecutor.execute(DriverCommandExecutor.java:83)
	at org.openqa.selenium.remote.RemoteWebDriver.execute(RemoteWebDriver.java:548)
	at org.openqa.selenium.remote.RemoteWebElement.execute(RemoteWebElement.java:276)
	at org.openqa.selenium.remote.RemoteWebElement.isEnabled(RemoteWebElement.java:150)
	at PageActions.pom005_VoiceWatch_Tests_Tab.createTestbyLink(pom005_VoiceWatch_Tests_Tab.java:945)
	at VW_TC.TC0000_Debug_Testing.testTabValidation(TC0000_Debug_Testing.java:125)
	at sun.reflect.NativeMethodAccessorImpl.invoke0(Native Method)
	at sun.reflect.NativeMethodAccessorImpl.invoke(NativeMethodAccessorImpl.java:62)
	at sun.reflect.DelegatingMethodAccessorImpl.invoke(DelegatingMethodAccessorImpl.java:43)
	at java.lang.reflect.Method.invoke(Method.java:498)
	at org.testng.internal.MethodInvocationHelper.invokeMethod(MethodInvocationHelper.java:124)
	at org.testng.internal.Invoker.invokeMethod(Invoker.java:583)
	at org.testng.internal.Invoker.invokeTestMethod(Invoker.java:719)
	at org.testng.internal.Invoker.invokeTestMethods(Invoker.java:989)
	at org.testng.internal.TestMethodWorker.invokeTestMethods(TestMethodWorker.java:125)
	at org.testng.internal.TestMethodWorker.run(TestMethodWorker.java:109)
	at org.testng.TestRunner.privateRun(TestRunner.java:648)
	at org.testng.TestRunner.run(TestRunner.java:505)
	at org.testng.SuiteRunner.runTest(SuiteRunner.java:455)
	at org.testng.SuiteRunner.runSequentially(SuiteRunner.java:450)
	at org.testng.SuiteRunner.privateRun(SuiteRunner.java:415)
	at org.testng.SuiteRunner.run(SuiteRunner.java:364)
	at org.testng.SuiteRunnerWorker.runSuite(SuiteRunnerWorker.java:52)
	at org.testng.SuiteRunnerWorker.run(SuiteRunnerWorker.java:84)
	at org.testng.TestNG.runSuitesSequentially(TestNG.java:1208)
	at org.testng.TestNG.runSuitesLocally(TestNG.java:1137)
	at org.testng.TestNG.runSuites(TestNG.java:1049)
	at org.testng.TestNG.run(TestNG.java:1017)
	at org.apache.maven.surefire.testng.TestNGExecutor.run(TestNGExecutor.java:283)
	at org.apache.maven.surefire.testng.TestNGXmlTestSuite.execute(TestNGXmlTestSuite.java:75)
	at org.apache.maven.surefire.testng.TestNGProvider.invoke(TestNGProvider.java:120)
	at org.apache.maven.surefire.booter.ForkedBooter.invokeProviderInSameClassLoader(ForkedBooter.java:383)
	at org.apache.maven.surefire.booter.ForkedBooter.runSuitesInProcess(ForkedBooter.java:344)
	at org.apache.maven.surefire.booter.ForkedBooter.execute(ForkedBooter.java:125)
	at org.apache.maven.surefire.booter.ForkedBooter.main(ForkedBooter.java:417)
</pre></div></td>
<td>25</td>
<td>VW_TC.TC0000_Debug_Testing@12468a38</td></tr>
</table><p>
<table width='100%' border='1' class='invocation-passed'>
<tr><td colspan='4' align='center'><b>PASSED TESTS</b></td></tr>
<tr><td><b>Test method</b></td>
<td width="30%"><b>Exception</b></td>
<td width="10%"><b>Time (seconds)</b></td>
<td><b>Instance</b></td>
</tr>
<tr>
<td title='VW_TC.TC0000_Debug_Testing.TabAvailabilityValidation()'><b>TabAvailabilityValidation</b><br>Test class: VW_TC.TC0000_Debug_Testing</td>
<td></td>
<td>1</td>
<td>VW_TC.TC0000_Debug_Testing@12468a38</td></tr>
<tr>
<td title='VW_TC.TC0000_Debug_Testing.alertTabValidation()'><b>alertTabValidation</b><br>Test class: VW_TC.TC0000_Debug_Testing</td>
<td></td>
<td>3</td>
<td>VW_TC.TC0000_Debug_Testing@12468a38</td></tr>
<tr>
<td title='VW_TC.TC0000_Debug_Testing.dashBoardTabValidation()'><b>dashBoardTabValidation</b><br>Test class: VW_TC.TC0000_Debug_Testing</td>
<td></td>
<td>2</td>
<td>VW_TC.TC0000_Debug_Testing@12468a38</td></tr>
<tr>
<td title='VW_TC.TC0000_Debug_Testing.footerMandatoryDetails()'><b>footerMandatoryDetails</b><br>Test class: VW_TC.TC0000_Debug_Testing</td>
<td></td>
<td>0</td>
<td>VW_TC.TC0000_Debug_Testing@12468a38</td></tr>
<tr>
<td title='VW_TC.TC0000_Debug_Testing.hammerTabValidation()'><b>hammerTabValidation</b><br>Test class: VW_TC.TC0000_Debug_Testing</td>
<td></td>
<td>8</td>
<td>VW_TC.TC0000_Debug_Testing@12468a38</td></tr>
<tr>
<td title='VW_TC.TC0000_Debug_Testing.headerMandatoryDetails()'><b>headerMandatoryDetails</b><br>Test class: VW_TC.TC0000_Debug_Testing</td>
<td></td>
<td>0</td>
<td>VW_TC.TC0000_Debug_Testing@12468a38</td></tr>
<tr>
<td title='VW_TC.TC0000_Debug_Testing.logInWithExpirixAdmin()'><b>logInWithExpirixAdmin</b><br>Test class: VW_TC.TC0000_Debug_Testing</td>
<td></td>
<td>21</td>
<td>VW_TC.TC0000_Debug_Testing@12468a38</td></tr>
<tr>
<td title='VW_TC.TC0000_Debug_Testing.scriptTabValidation()'><b>scriptTabValidation</b><br>Test class: VW_TC.TC0000_Debug_Testing</td>
<td></td>
<td>101</td>
<td>VW_TC.TC0000_Debug_Testing@12468a38</td></tr>
<tr>
<td title='VW_TC.TC0000_Debug_Testing.tagTabValidation()'><b>tagTabValidation</b><br>Test class: VW_TC.TC0000_Debug_Testing</td>
<td></td>
<td>17</td>
<td>VW_TC.TC0000_Debug_Testing@12468a38</td></tr>
<tr>
<td title='VW_TC.TC0000_Debug_Testing.variableTabValidation()'><b>variableTabValidation</b><br>Test class: VW_TC.TC0000_Debug_Testing</td>
<td></td>
<td>15</td>
<td>VW_TC.TC0000_Debug_Testing@12468a38</td></tr>
</table><p>
</body>
</html>