<?xml version="1.0" encoding="UTF-8"?>
<!-- Generated by org.testng.reporters.JUnitXMLReporter -->
<testsuite hostname="REM-L-SINGHH" ignored="0" name="Test Case: 007 - Login with &#039;Partner Use&#039; Credetials and verify TabAvailablity" tests="8" failures="0" timestamp="02 Oct 2019 20:00:35 GMT" time="0.016" errors="0">
  <testcase name="@BeforeTest applicationLaunch" time="0.0" classname="VW_TC.TC0007_login_With_Partner_User">
    <failure type="java.lang.IllegalStateException" message="The driver executable does not exist: C:\Users\hsingh\Frameworks\Selenium_ECP_VW\src\main\java\resources\drivers\chromedriver.exe&amp;quot;">
      <![CDATA[java.lang.IllegalStateException: The driver executable does not exist: C:\Users\hsingh\Frameworks\Selenium_ECP_VW\src\main\java\resources\drivers\chromedriver.exe"
at com.google.common.base.Preconditions.checkState(Preconditions.java:585)
at org.openqa.selenium.remote.service.DriverService.checkExecutable(DriverService.java:137)
at org.openqa.selenium.remote.service.DriverService.findExecutable(DriverService.java:132)
at org.openqa.selenium.chrome.ChromeDriverService.access$000(ChromeDriverService.java:35)
at org.openqa.selenium.chrome.ChromeDriverService$Builder.findDefaultExecutable(ChromeDriverService.java:156)
at org.openqa.selenium.remote.service.DriverService$Builder.build(DriverService.java:346)
at org.openqa.selenium.chrome.ChromeDriverService.createDefaultService(ChromeDriverService.java:91)
at org.openqa.selenium.chrome.ChromeDriver.<init>(ChromeDriver.java:157)
at resources.baseProperties.intializeDriver(baseProperties.java:65)
at VW_TC.TC0007_login_With_Partner_User.applicationLaunch(TC0007_login_With_Partner_User.java:30)
... Removed 28 stack frames]]>
    </failure>
  </testcase> <!-- @BeforeTest applicationLaunch -->
  <testcase name="@AfterTest applicationClose" time="0.0" classname="VW_TC.TC0007_login_With_Partner_User">
    <skipped/>
  </testcase> <!-- @AfterTest applicationClose -->
  <testcase name="logInWithPartnerUser" time="0.0" classname="VW_TC.TC0007_login_With_Partner_User">
    <skipped/>
  </testcase> <!-- logInWithPartnerUser -->
  <testcase name="headerMandatoryDetails" time="0.0" classname="VW_TC.TC0007_login_With_Partner_User">
    <skipped/>
  </testcase> <!-- headerMandatoryDetails -->
  <testcase name="footerMandatoryDetails" time="0.0" classname="VW_TC.TC0007_login_With_Partner_User">
    <skipped/>
  </testcase> <!-- footerMandatoryDetails -->
  <testcase name="TabValidation" time="0.0" classname="VW_TC.TC0007_login_With_Partner_User">
    <skipped/>
  </testcase> <!-- TabValidation -->
  <testcase name="dashBoardTabValidation" time="0.0" classname="VW_TC.TC0007_login_With_Partner_User">
    <skipped/>
  </testcase> <!-- dashBoardTabValidation -->
  <testcase name="alertTabValidation" time="0.0" classname="VW_TC.TC0007_login_With_Partner_User">
    <skipped/>
  </testcase> <!-- alertTabValidation -->
  <testcase name="testTabValidation" time="0.0" classname="VW_TC.TC0007_login_With_Partner_User">
    <skipped/>
  </testcase> <!-- testTabValidation -->
  <testcase name="variableTabValidation" time="0.0" classname="VW_TC.TC0007_login_With_Partner_User">
    <skipped/>
  </testcase> <!-- variableTabValidation -->
</testsuite> <!-- Test Case: 007 - Login with 'Partner Use' Credetials and verify TabAvailablity -->
