<?xml version="1.0" encoding="UTF-8"?>
<!-- Generated by org.testng.reporters.JUnitXMLReporter -->
<testsuite hostname="REM-L-SINGHH" ignored="0" name="Test Case: 002 - Login with &#039;Empirix Admin&#039; Credetials&#039;and verify TabAvailablity" tests="11" failures="4" timestamp="19 Oct 2019 15:54:20 GMT" time="363.188" errors="0">
  <testcase name="logInWithExpirixAdmin" time="16.457" classname="VW_TC.TC0002_login_With_Exmpirix_Admin"/>
  <testcase name="headerMandatoryDetails" time="0.513" classname="VW_TC.TC0002_login_With_Exmpirix_Admin"/>
  <testcase name="footerMandatoryDetails" time="0.423" classname="VW_TC.TC0002_login_With_Exmpirix_Admin"/>
  <testcase name="TabAvailabilityValidation" time="1.147" classname="VW_TC.TC0002_login_With_Exmpirix_Admin"/>
  <testcase name="dashBoardTabValidation" time="3.943" classname="VW_TC.TC0002_login_With_Exmpirix_Admin"/>
  <testcase name="alertTabValidation" time="2.6" classname="VW_TC.TC0002_login_With_Exmpirix_Admin"/>
  <testcase name="testTabValidation" time="3.335" classname="VW_TC.TC0002_login_With_Exmpirix_Admin">
    <failure type="java.lang.AssertionError" message="expected [Tests] but found [Tests
26]">
      <![CDATA[java.lang.AssertionError: expected [Tests] but found [Tests
26]
at PageActions.pom005_VoiceWatch_Tests_Tab.testsValidations(pom005_VoiceWatch_Tests_Tab.java:118)
at VW_TC.TC0002_login_With_Exmpirix_Admin.testTabValidation(TC0002_login_With_Exmpirix_Admin.java:113)
... Removed 35 stack frames]]>
    </failure>
  </testcase> <!-- testTabValidation -->
  <testcase name="tagTabValidation" time="10.505" classname="VW_TC.TC0002_login_With_Exmpirix_Admin">
    <failure type="java.lang.AssertionError" message="expected [Tags] but found [Tags
67]">
      <![CDATA[java.lang.AssertionError: expected [Tags] but found [Tags
67]
at PageActions.pom006_VoiceWatch_Tags_Tab.tagsValidations(pom006_VoiceWatch_Tags_Tab.java:49)
at VW_TC.TC0002_login_With_Exmpirix_Admin.tagTabValidation(TC0002_login_With_Exmpirix_Admin.java:133)
... Removed 35 stack frames]]>
    </failure>
  </testcase> <!-- tagTabValidation -->
  <testcase name="scriptTabValidation" time="165.625" classname="VW_TC.TC0002_login_With_Exmpirix_Admin"/>
  <testcase name="variableTabValidation" time="15.233" classname="VW_TC.TC0002_login_With_Exmpirix_Admin">
    <failure type="java.lang.AssertionError" message="expected [Variables] but found [Variables
23]">
      <![CDATA[java.lang.AssertionError: expected [Variables] but found [Variables
23]
at PageActions.pom008_VoiceWatch_Variable_Tab.variableTabValidation(pom008_VoiceWatch_Variable_Tab.java:104)
at VW_TC.TC0002_login_With_Exmpirix_Admin.variableTabValidation(TC0002_login_With_Exmpirix_Admin.java:173)
... Removed 35 stack frames]]>
    </failure>
  </testcase> <!-- variableTabValidation -->
  <testcase name="hammerTabValidation" time="117.661" classname="VW_TC.TC0002_login_With_Exmpirix_Admin">
    <failure type="org.openqa.selenium.NoSuchElementException" message="no such element: Unable to locate element: {&amp;quot;method&amp;quot;:&amp;quot;xpath&amp;quot;,&amp;quot;selector&amp;quot;:&amp;quot;//div[contains(@class,&amp;apos;input-group col-md-12 row&amp;apos;)]//input[@class=&amp;apos;form-control ng-pristine ng-untouched ng-valid ng-empty&amp;apos;]&amp;quot;}
  (Session info: chrome=77.0.3865.120)
For documentation on this error, please visit: http://seleniumhq.org/exceptions/no_such_element.html
Build info: version: &amp;apos;3.14.0&amp;apos;, revision: &amp;apos;aacccce0&amp;apos;, time: &amp;apos;2018-08-02T20:19:58.91Z&amp;apos;
System info: host: &amp;apos;REM-L-SINGHH&amp;apos;, ip: &amp;apos;10.12.60.27&amp;apos;, os.name: &amp;apos;Windows 10&amp;apos;, os.arch: &amp;apos;amd64&amp;apos;, os.version: &amp;apos;10.0&amp;apos;, java.version: &amp;apos;1.8.0_171&amp;apos;
Driver info: org.openqa.selenium.chrome.ChromeDriver
Capabilities {acceptInsecureCerts: false, browserName: chrome, browserVersion: 77.0.3865.120, chrome: {chromedriverVersion: 77.0.3865.40 (f484704e052e0..., userDataDir: C:\Users\hsingh\AppData\Loc...}, goog:chromeOptions: {debuggerAddress: localhost:50542}, javascriptEnabled: true, networkConnectionEnabled: false, pageLoadStrategy: normal, platform: XP, platformName: XP, proxy: Proxy(), setWindowRect: true, strictFileInteractability: false, timeouts: {implicit: 0, pageLoad: 300000, script: 30000}, unhandledPromptBehavior: dismiss and notify}
Session ID: ccc821548d92cb65bbb97b93f83d6b51
*** Element info: {Using=xpath, value=//div[contains(@class,&amp;apos;input-group col-md-12 row&amp;apos;)]//input[@class=&amp;apos;form-control ng-pristine ng-untouched ng-valid ng-empty&amp;apos;]}">
      <![CDATA[org.openqa.selenium.NoSuchElementException: no such element: Unable to locate element: {"method":"xpath","selector":"//div[contains(@class,'input-group col-md-12 row')]//input[@class='form-control ng-pristine ng-untouched ng-valid ng-empty']"}
  (Session info: chrome=77.0.3865.120)
For documentation on this error, please visit: http://seleniumhq.org/exceptions/no_such_element.html
Build info: version: '3.14.0', revision: 'aacccce0', time: '2018-08-02T20:19:58.91Z'
System info: host: 'REM-L-SINGHH', ip: '10.12.60.27', os.name: 'Windows 10', os.arch: 'amd64', os.version: '10.0', java.version: '1.8.0_171'
Driver info: org.openqa.selenium.chrome.ChromeDriver
Capabilities {acceptInsecureCerts: false, browserName: chrome, browserVersion: 77.0.3865.120, chrome: {chromedriverVersion: 77.0.3865.40 (f484704e052e0..., userDataDir: C:\Users\hsingh\AppData\Loc...}, goog:chromeOptions: {debuggerAddress: localhost:50542}, javascriptEnabled: true, networkConnectionEnabled: false, pageLoadStrategy: normal, platform: XP, platformName: XP, proxy: Proxy(), setWindowRect: true, strictFileInteractability: false, timeouts: {implicit: 0, pageLoad: 300000, script: 30000}, unhandledPromptBehavior: dismiss and notify}
Session ID: ccc821548d92cb65bbb97b93f83d6b51
*** Element info: {Using=xpath, value=//div[contains(@class,'input-group col-md-12 row')]//input[@class='form-control ng-pristine ng-untouched ng-valid ng-empty']}
at org.openqa.selenium.remote.http.W3CHttpResponseCodec.createException(W3CHttpResponseCodec.java:187)
at org.openqa.selenium.remote.http.W3CHttpResponseCodec.decode(W3CHttpResponseCodec.java:122)
at org.openqa.selenium.remote.http.W3CHttpResponseCodec.decode(W3CHttpResponseCodec.java:49)
at org.openqa.selenium.remote.HttpCommandExecutor.execute(HttpCommandExecutor.java:158)
at org.openqa.selenium.remote.service.DriverCommandExecutor.execute(DriverCommandExecutor.java:83)
at org.openqa.selenium.remote.RemoteWebDriver.execute(RemoteWebDriver.java:548)
at org.openqa.selenium.remote.RemoteWebDriver.findElement(RemoteWebDriver.java:322)
at org.openqa.selenium.remote.RemoteWebDriver.findElementByXPath(RemoteWebDriver.java:424)
at org.openqa.selenium.By$ByXPath.findElement(By.java:353)
at org.openqa.selenium.remote.RemoteWebDriver.findElement(RemoteWebDriver.java:314)
at PageActions.pom009_VoiceWatch_Hammers_Tab.createHammerByButton(pom009_VoiceWatch_Hammers_Tab.java:169)
at VW_TC.TC0002_login_With_Exmpirix_Admin.hammerTabValidation(TC0002_login_With_Exmpirix_Admin.java:194)
... Removed 33 stack frames]]>
    </failure>
  </testcase> <!-- hammerTabValidation -->
</testsuite> <!-- Test Case: 002 - Login with 'Empirix Admin' Credetials'and verify TabAvailablity -->
