<!DOCTYPE html>

<html>
  <head>
  <meta charset='utf-8'>
  <title>TestNG reports</title>

    <link type="text/css" href="testng-reports.css" rel="stylesheet" />
    <script type="text/javascript" src="jquery-1.7.1.min.js"></script>
    <script type="text/javascript" src="testng-reports.js"></script>
    <script type="text/javascript" src="https://www.google.com/jsapi"></script>
    <script type='text/javascript'>
      google.load('visualization', '1', {packages:['table']});
      google.setOnLoadCallback(drawTable);
      var suiteTableInitFunctions = new Array();
      var suiteTableData = new Array();
    </script>
    <!--
      <script type="text/javascript" src="jquery-ui/js/jquery-ui-1.8.16.custom.min.js"></script>
     -->
  </head>

  <body>
    <div class="top-banner-root">
      <span class="top-banner-title-font">Test results</span>
      <br/>
      <span class="top-banner-font-1">1 suite</span>
    </div> <!-- top-banner-root -->
    <div class="navigator-root">
      <div class="navigator-suite-header">
        <span>All suites</span>
        <a href="#" class="collapse-all-link" title="Collapse/expand all the suites">
          <img class="collapse-all-icon" src="collapseall.gif">
          </img> <!-- collapse-all-icon -->
        </a> <!-- collapse-all-link -->
      </div> <!-- navigator-suite-header -->
      <div class="suite">
        <div class="rounded-window">
          <div class="suite-header light-rounded-window-top">
            <a href="#" class="navigator-link" panel-name="suite-Suite">
              <span class="suite-name border-skipped">Suite</span>
            </a> <!-- navigator-link -->
          </div> <!-- suite-header light-rounded-window-top -->
          <div class="navigator-suite-content">
            <div class="suite-section-title">
              <span>Info</span>
            </div> <!-- suite-section-title -->
            <div class="suite-section-content">
              <ul>
                <li>
                  <a href="#" class="navigator-link " panel-name="test-xml-Suite">
                    <span>C:\Users\hsingh\Frameworks\Selenium_ECP_VW\testng_Sanity.xml</span>
                  </a> <!-- navigator-link  -->
                </li>
                <li>
                  <a href="#" class="navigator-link " panel-name="testlist-Suite">
                    <span class="test-stats">5 tests</span>
                  </a> <!-- navigator-link  -->
                </li>
                <li>
                  <a href="#" class="navigator-link " panel-name="group-Suite">
                    <span>0 groups</span>
                  </a> <!-- navigator-link  -->
                </li>
                <li>
                  <a href="#" class="navigator-link " panel-name="times-Suite">
                    <span>Times</span>
                  </a> <!-- navigator-link  -->
                </li>
                <li>
                  <a href="#" class="navigator-link " panel-name="reporter-Suite">
                    <span>Reporter output</span>
                  </a> <!-- navigator-link  -->
                </li>
                <li>
                  <a href="#" class="navigator-link " panel-name="ignored-methods-Suite">
                    <span>Ignored methods</span>
                  </a> <!-- navigator-link  -->
                </li>
                <li>
                  <a href="#" class="navigator-link " panel-name="chronological-Suite">
                    <span>Chronological view</span>
                  </a> <!-- navigator-link  -->
                </li>
              </ul>
            </div> <!-- suite-section-content -->
            <div class="result-section">
              <div class="suite-section-title">
                <span>Results</span>
              </div> <!-- suite-section-title -->
              <div class="suite-section-content">
                <ul>
                  <li>
                    <span class="method-stats">37 methods,  37 skipped,  </span>
                  </li>
                  <li>
                    <span class="method-list-title skipped">Skipped methods</span>
                    <span class="show-or-hide-methods skipped">
                      <a href="#" panel-name="suite-Suite" class="hide-methods skipped suite-Suite"> (hide)</a> <!-- hide-methods skipped suite-Suite -->
                      <a href="#" panel-name="suite-Suite" class="show-methods skipped suite-Suite"> (show)</a> <!-- show-methods skipped suite-Suite -->
                    </span>
                    <div class="method-list-content skipped suite-Suite">
                      <span>
                        <img width="3%" src="skipped.png"/>
                        <a href="#" class="method navigator-link" panel-name="suite-Suite" title="VW_TC.TC0002_login_With_Exmpirix_Admin" hash-for-method="TabAvailabilityValidation">TabAvailabilityValidation</a> <!-- method navigator-link -->
                      </span>
                      <br/>
                      <span>
                        <img width="3%" src="skipped.png"/>
                        <a href="#" class="method navigator-link" panel-name="suite-Suite" title="VW_TC.TC0003_login_With_Empirix_Business_Analyst" hash-for-method="TabValidation">TabValidation</a> <!-- method navigator-link -->
                      </span>
                      <br/>
                      <span>
                        <img width="3%" src="skipped.png"/>
                        <a href="#" class="method navigator-link" panel-name="suite-Suite" title="VW_TC.TC0007_login_With_Partner_User" hash-for-method="TabValidation">TabValidation</a> <!-- method navigator-link -->
                      </span>
                      <br/>
                      <span>
                        <img width="3%" src="skipped.png"/>
                        <a href="#" class="method navigator-link" panel-name="suite-Suite" title="VW_TC.TC0011_login_With_Client_OR_Partner_Client_User" hash-for-method="TabValidation">TabValidation</a> <!-- method navigator-link -->
                      </span>
                      <br/>
                      <span>
                        <img width="3%" src="skipped.png"/>
                        <a href="#" class="method navigator-link" panel-name="suite-Suite" title="VW_TC.TC0002_login_With_Exmpirix_Admin" hash-for-method="alertTabValidation">alertTabValidation</a> <!-- method navigator-link -->
                      </span>
                      <br/>
                      <span>
                        <img width="3%" src="skipped.png"/>
                        <a href="#" class="method navigator-link" panel-name="suite-Suite" title="VW_TC.TC0003_login_With_Empirix_Business_Analyst" hash-for-method="alertTabValidation">alertTabValidation</a> <!-- method navigator-link -->
                      </span>
                      <br/>
                      <span>
                        <img width="3%" src="skipped.png"/>
                        <a href="#" class="method navigator-link" panel-name="suite-Suite" title="VW_TC.TC0007_login_With_Partner_User" hash-for-method="alertTabValidation">alertTabValidation</a> <!-- method navigator-link -->
                      </span>
                      <br/>
                      <span>
                        <img width="3%" src="skipped.png"/>
                        <a href="#" class="method navigator-link" panel-name="suite-Suite" title="VW_TC.TC0011_login_With_Client_OR_Partner_Client_User" hash-for-method="alertTabValidation">alertTabValidation</a> <!-- method navigator-link -->
                      </span>
                      <br/>
                      <span>
                        <img width="3%" src="skipped.png"/>
                        <a href="#" class="method navigator-link" panel-name="suite-Suite" title="VW_TC.TC0002_login_With_Exmpirix_Admin" hash-for-method="dashBoardTabValidation">dashBoardTabValidation</a> <!-- method navigator-link -->
                      </span>
                      <br/>
                      <span>
                        <img width="3%" src="skipped.png"/>
                        <a href="#" class="method navigator-link" panel-name="suite-Suite" title="VW_TC.TC0003_login_With_Empirix_Business_Analyst" hash-for-method="dashBoardTabValidation">dashBoardTabValidation</a> <!-- method navigator-link -->
                      </span>
                      <br/>
                      <span>
                        <img width="3%" src="skipped.png"/>
                        <a href="#" class="method navigator-link" panel-name="suite-Suite" title="VW_TC.TC0007_login_With_Partner_User" hash-for-method="dashBoardTabValidation">dashBoardTabValidation</a> <!-- method navigator-link -->
                      </span>
                      <br/>
                      <span>
                        <img width="3%" src="skipped.png"/>
                        <a href="#" class="method navigator-link" panel-name="suite-Suite" title="VW_TC.TC0011_login_With_Client_OR_Partner_Client_User" hash-for-method="dashBoardTabValidation">dashBoardTabValidation</a> <!-- method navigator-link -->
                      </span>
                      <br/>
                      <span>
                        <img width="3%" src="skipped.png"/>
                        <a href="#" class="method navigator-link" panel-name="suite-Suite" title="VW_TC.TC0002_login_With_Exmpirix_Admin" hash-for-method="footerMandatoryDetails">footerMandatoryDetails</a> <!-- method navigator-link -->
                      </span>
                      <br/>
                      <span>
                        <img width="3%" src="skipped.png"/>
                        <a href="#" class="method navigator-link" panel-name="suite-Suite" title="VW_TC.TC0003_login_With_Empirix_Business_Analyst" hash-for-method="footerMandatoryDetails">footerMandatoryDetails</a> <!-- method navigator-link -->
                      </span>
                      <br/>
                      <span>
                        <img width="3%" src="skipped.png"/>
                        <a href="#" class="method navigator-link" panel-name="suite-Suite" title="VW_TC.TC0007_login_With_Partner_User" hash-for-method="footerMandatoryDetails">footerMandatoryDetails</a> <!-- method navigator-link -->
                      </span>
                      <br/>
                      <span>
                        <img width="3%" src="skipped.png"/>
                        <a href="#" class="method navigator-link" panel-name="suite-Suite" title="VW_TC.TC0011_login_With_Client_OR_Partner_Client_User" hash-for-method="footerMandatoryDetails">footerMandatoryDetails</a> <!-- method navigator-link -->
                      </span>
                      <br/>
                      <span>
                        <img width="3%" src="skipped.png"/>
                        <a href="#" class="method navigator-link" panel-name="suite-Suite" title="VW_TC.TC0002_login_With_Exmpirix_Admin" hash-for-method="headerMandatoryDetails">headerMandatoryDetails</a> <!-- method navigator-link -->
                      </span>
                      <br/>
                      <span>
                        <img width="3%" src="skipped.png"/>
                        <a href="#" class="method navigator-link" panel-name="suite-Suite" title="VW_TC.TC0003_login_With_Empirix_Business_Analyst" hash-for-method="headerMandatoryDetails">headerMandatoryDetails</a> <!-- method navigator-link -->
                      </span>
                      <br/>
                      <span>
                        <img width="3%" src="skipped.png"/>
                        <a href="#" class="method navigator-link" panel-name="suite-Suite" title="VW_TC.TC0007_login_With_Partner_User" hash-for-method="headerMandatoryDetails">headerMandatoryDetails</a> <!-- method navigator-link -->
                      </span>
                      <br/>
                      <span>
                        <img width="3%" src="skipped.png"/>
                        <a href="#" class="method navigator-link" panel-name="suite-Suite" title="VW_TC.TC0011_login_With_Client_OR_Partner_Client_User" hash-for-method="headerMandatoryDetails">headerMandatoryDetails</a> <!-- method navigator-link -->
                      </span>
                      <br/>
                      <span>
                        <img width="3%" src="skipped.png"/>
                        <a href="#" class="method navigator-link" panel-name="suite-Suite" title="VW_TC.TC0001_login_Page_Verification" hash-for-method="logInScreenVerification">logInScreenVerification</a> <!-- method navigator-link -->
                      </span>
                      <br/>
                      <span>
                        <img width="3%" src="skipped.png"/>
                        <a href="#" class="method navigator-link" panel-name="suite-Suite" title="VW_TC.TC0002_login_With_Exmpirix_Admin" hash-for-method="logInWithExpirixAdmin">logInWithExpirixAdmin</a> <!-- method navigator-link -->
                      </span>
                      <br/>
                      <span>
                        <img width="3%" src="skipped.png"/>
                        <a href="#" class="method navigator-link" panel-name="suite-Suite" title="VW_TC.TC0003_login_With_Empirix_Business_Analyst" hash-for-method="logInWithExpirixBusinessAnalyst">logInWithExpirixBusinessAnalyst</a> <!-- method navigator-link -->
                      </span>
                      <br/>
                      <span>
                        <img width="3%" src="skipped.png"/>
                        <a href="#" class="method navigator-link" panel-name="suite-Suite" title="VW_TC.TC0011_login_With_Client_OR_Partner_Client_User" hash-for-method="logInWithPartnerClient_User">logInWithPartnerClient_User</a> <!-- method navigator-link -->
                      </span>
                      <br/>
                      <span>
                        <img width="3%" src="skipped.png"/>
                        <a href="#" class="method navigator-link" panel-name="suite-Suite" title="VW_TC.TC0007_login_With_Partner_User" hash-for-method="logInWithPartnerUser">logInWithPartnerUser</a> <!-- method navigator-link -->
                      </span>
                      <br/>
                      <span>
                        <img width="3%" src="skipped.png"/>
                        <a href="#" class="method navigator-link" panel-name="suite-Suite" title="VW_TC.TC0002_login_With_Exmpirix_Admin" hash-for-method="scriptTabValidation">scriptTabValidation</a> <!-- method navigator-link -->
                      </span>
                      <br/>
                      <span>
                        <img width="3%" src="skipped.png"/>
                        <a href="#" class="method navigator-link" panel-name="suite-Suite" title="VW_TC.TC0003_login_With_Empirix_Business_Analyst" hash-for-method="scriptTabValidation">scriptTabValidation</a> <!-- method navigator-link -->
                      </span>
                      <br/>
                      <span>
                        <img width="3%" src="skipped.png"/>
                        <a href="#" class="method navigator-link" panel-name="suite-Suite" title="VW_TC.TC0002_login_With_Exmpirix_Admin" hash-for-method="tagTabValidation">tagTabValidation</a> <!-- method navigator-link -->
                      </span>
                      <br/>
                      <span>
                        <img width="3%" src="skipped.png"/>
                        <a href="#" class="method navigator-link" panel-name="suite-Suite" title="VW_TC.TC0003_login_With_Empirix_Business_Analyst" hash-for-method="tagTabValidation">tagTabValidation</a> <!-- method navigator-link -->
                      </span>
                      <br/>
                      <span>
                        <img width="3%" src="skipped.png"/>
                        <a href="#" class="method navigator-link" panel-name="suite-Suite" title="VW_TC.TC0002_login_With_Exmpirix_Admin" hash-for-method="testTabValidation">testTabValidation</a> <!-- method navigator-link -->
                      </span>
                      <br/>
                      <span>
                        <img width="3%" src="skipped.png"/>
                        <a href="#" class="method navigator-link" panel-name="suite-Suite" title="VW_TC.TC0003_login_With_Empirix_Business_Analyst" hash-for-method="testTabValidation">testTabValidation</a> <!-- method navigator-link -->
                      </span>
                      <br/>
                      <span>
                        <img width="3%" src="skipped.png"/>
                        <a href="#" class="method navigator-link" panel-name="suite-Suite" title="VW_TC.TC0007_login_With_Partner_User" hash-for-method="testTabValidation">testTabValidation</a> <!-- method navigator-link -->
                      </span>
                      <br/>
                      <span>
                        <img width="3%" src="skipped.png"/>
                        <a href="#" class="method navigator-link" panel-name="suite-Suite" title="VW_TC.TC0011_login_With_Client_OR_Partner_Client_User" hash-for-method="testTabValidation">testTabValidation</a> <!-- method navigator-link -->
                      </span>
                      <br/>
                      <span>
                        <img width="3%" src="skipped.png"/>
                        <a href="#" class="method navigator-link" panel-name="suite-Suite" title="VW_TC.TC0002_login_With_Exmpirix_Admin" hash-for-method="variableTabValidation">variableTabValidation</a> <!-- method navigator-link -->
                      </span>
                      <br/>
                      <span>
                        <img width="3%" src="skipped.png"/>
                        <a href="#" class="method navigator-link" panel-name="suite-Suite" title="VW_TC.TC0003_login_With_Empirix_Business_Analyst" hash-for-method="variableTabValidation">variableTabValidation</a> <!-- method navigator-link -->
                      </span>
                      <br/>
                      <span>
                        <img width="3%" src="skipped.png"/>
                        <a href="#" class="method navigator-link" panel-name="suite-Suite" title="VW_TC.TC0007_login_With_Partner_User" hash-for-method="variableTabValidation">variableTabValidation</a> <!-- method navigator-link -->
                      </span>
                      <br/>
                      <span>
                        <img width="3%" src="skipped.png"/>
                        <a href="#" class="method navigator-link" panel-name="suite-Suite" title="VW_TC.TC0011_login_With_Client_OR_Partner_Client_User" hash-for-method="variableTabValidation">variableTabValidation</a> <!-- method navigator-link -->
                      </span>
                      <br/>
                    </div> <!-- method-list-content skipped suite-Suite -->
                  </li>
                </ul>
              </div> <!-- suite-section-content -->
            </div> <!-- result-section -->
          </div> <!-- navigator-suite-content -->
        </div> <!-- rounded-window -->
      </div> <!-- suite -->
    </div> <!-- navigator-root -->
    <div class="wrapper">
      <div class="main-panel-root">
        <div panel-name="suite-Suite" class="panel Suite">
          <div class="suite-Suite-class-skipped">
            <div class="main-panel-header rounded-window-top">
              <img src="skipped.png"/>
              <span class="class-name">VW_TC.TC0003_login_With_Empirix_Business_Analyst</span>
            </div> <!-- main-panel-header rounded-window-top -->
            <div class="main-panel-content rounded-window-bottom">
              <div class="method">
                <div class="method-content">
                  <a name="TabValidation">
                  </a> <!-- TabValidation -->
                  <span class="method-name">TabValidation</span>
                  <div class="stack-trace">java.lang.IllegalStateException: The driver executable does not exist: C:\Users\hsingh\Frameworks\Selenium_ECP_VW\src\main\java\resources\drivers\chromedriver.exe&quot;
	at com.google.common.base.Preconditions.checkState(Preconditions.java:585)
	at org.openqa.selenium.remote.service.DriverService.checkExecutable(DriverService.java:137)
	at org.openqa.selenium.remote.service.DriverService.findExecutable(DriverService.java:132)
	at org.openqa.selenium.chrome.ChromeDriverService.access$000(ChromeDriverService.java:35)
	at org.openqa.selenium.chrome.ChromeDriverService$Builder.findDefaultExecutable(ChromeDriverService.java:156)
	at org.openqa.selenium.remote.service.DriverService$Builder.build(DriverService.java:346)
	at org.openqa.selenium.chrome.ChromeDriverService.createDefaultService(ChromeDriverService.java:91)
	at org.openqa.selenium.chrome.ChromeDriver.&lt;init&gt;(ChromeDriver.java:157)
	at resources.baseProperties.intializeDriver(baseProperties.java:65)
	at VW_TC.TC0003_login_With_Empirix_Business_Analyst.applicationLaunch(TC0003_login_With_Empirix_Business_Analyst.java:33)
... Removed 28 stack frames
</div> <!-- stack-trace -->
                </div> <!-- method-content -->
              </div> <!-- method -->
              <div class="method">
                <div class="method-content">
                  <a name="alertTabValidation">
                  </a> <!-- alertTabValidation -->
                  <span class="method-name">alertTabValidation</span>
                  <div class="stack-trace">java.lang.IllegalStateException: The driver executable does not exist: C:\Users\hsingh\Frameworks\Selenium_ECP_VW\src\main\java\resources\drivers\chromedriver.exe&quot;
	at com.google.common.base.Preconditions.checkState(Preconditions.java:585)
	at org.openqa.selenium.remote.service.DriverService.checkExecutable(DriverService.java:137)
	at org.openqa.selenium.remote.service.DriverService.findExecutable(DriverService.java:132)
	at org.openqa.selenium.chrome.ChromeDriverService.access$000(ChromeDriverService.java:35)
	at org.openqa.selenium.chrome.ChromeDriverService$Builder.findDefaultExecutable(ChromeDriverService.java:156)
	at org.openqa.selenium.remote.service.DriverService$Builder.build(DriverService.java:346)
	at org.openqa.selenium.chrome.ChromeDriverService.createDefaultService(ChromeDriverService.java:91)
	at org.openqa.selenium.chrome.ChromeDriver.&lt;init&gt;(ChromeDriver.java:157)
	at resources.baseProperties.intializeDriver(baseProperties.java:65)
	at VW_TC.TC0003_login_With_Empirix_Business_Analyst.applicationLaunch(TC0003_login_With_Empirix_Business_Analyst.java:33)
... Removed 28 stack frames
</div> <!-- stack-trace -->
                </div> <!-- method-content -->
              </div> <!-- method -->
              <div class="method">
                <div class="method-content">
                  <a name="dashBoardTabValidation">
                  </a> <!-- dashBoardTabValidation -->
                  <span class="method-name">dashBoardTabValidation</span>
                  <div class="stack-trace">java.lang.IllegalStateException: The driver executable does not exist: C:\Users\hsingh\Frameworks\Selenium_ECP_VW\src\main\java\resources\drivers\chromedriver.exe&quot;
	at com.google.common.base.Preconditions.checkState(Preconditions.java:585)
	at org.openqa.selenium.remote.service.DriverService.checkExecutable(DriverService.java:137)
	at org.openqa.selenium.remote.service.DriverService.findExecutable(DriverService.java:132)
	at org.openqa.selenium.chrome.ChromeDriverService.access$000(ChromeDriverService.java:35)
	at org.openqa.selenium.chrome.ChromeDriverService$Builder.findDefaultExecutable(ChromeDriverService.java:156)
	at org.openqa.selenium.remote.service.DriverService$Builder.build(DriverService.java:346)
	at org.openqa.selenium.chrome.ChromeDriverService.createDefaultService(ChromeDriverService.java:91)
	at org.openqa.selenium.chrome.ChromeDriver.&lt;init&gt;(ChromeDriver.java:157)
	at resources.baseProperties.intializeDriver(baseProperties.java:65)
	at VW_TC.TC0003_login_With_Empirix_Business_Analyst.applicationLaunch(TC0003_login_With_Empirix_Business_Analyst.java:33)
... Removed 28 stack frames
</div> <!-- stack-trace -->
                </div> <!-- method-content -->
              </div> <!-- method -->
              <div class="method">
                <div class="method-content">
                  <a name="footerMandatoryDetails">
                  </a> <!-- footerMandatoryDetails -->
                  <span class="method-name">footerMandatoryDetails</span>
                  <div class="stack-trace">java.lang.IllegalStateException: The driver executable does not exist: C:\Users\hsingh\Frameworks\Selenium_ECP_VW\src\main\java\resources\drivers\chromedriver.exe&quot;
	at com.google.common.base.Preconditions.checkState(Preconditions.java:585)
	at org.openqa.selenium.remote.service.DriverService.checkExecutable(DriverService.java:137)
	at org.openqa.selenium.remote.service.DriverService.findExecutable(DriverService.java:132)
	at org.openqa.selenium.chrome.ChromeDriverService.access$000(ChromeDriverService.java:35)
	at org.openqa.selenium.chrome.ChromeDriverService$Builder.findDefaultExecutable(ChromeDriverService.java:156)
	at org.openqa.selenium.remote.service.DriverService$Builder.build(DriverService.java:346)
	at org.openqa.selenium.chrome.ChromeDriverService.createDefaultService(ChromeDriverService.java:91)
	at org.openqa.selenium.chrome.ChromeDriver.&lt;init&gt;(ChromeDriver.java:157)
	at resources.baseProperties.intializeDriver(baseProperties.java:65)
	at VW_TC.TC0003_login_With_Empirix_Business_Analyst.applicationLaunch(TC0003_login_With_Empirix_Business_Analyst.java:33)
... Removed 28 stack frames
</div> <!-- stack-trace -->
                </div> <!-- method-content -->
              </div> <!-- method -->
              <div class="method">
                <div class="method-content">
                  <a name="headerMandatoryDetails">
                  </a> <!-- headerMandatoryDetails -->
                  <span class="method-name">headerMandatoryDetails</span>
                  <div class="stack-trace">java.lang.IllegalStateException: The driver executable does not exist: C:\Users\hsingh\Frameworks\Selenium_ECP_VW\src\main\java\resources\drivers\chromedriver.exe&quot;
	at com.google.common.base.Preconditions.checkState(Preconditions.java:585)
	at org.openqa.selenium.remote.service.DriverService.checkExecutable(DriverService.java:137)
	at org.openqa.selenium.remote.service.DriverService.findExecutable(DriverService.java:132)
	at org.openqa.selenium.chrome.ChromeDriverService.access$000(ChromeDriverService.java:35)
	at org.openqa.selenium.chrome.ChromeDriverService$Builder.findDefaultExecutable(ChromeDriverService.java:156)
	at org.openqa.selenium.remote.service.DriverService$Builder.build(DriverService.java:346)
	at org.openqa.selenium.chrome.ChromeDriverService.createDefaultService(ChromeDriverService.java:91)
	at org.openqa.selenium.chrome.ChromeDriver.&lt;init&gt;(ChromeDriver.java:157)
	at resources.baseProperties.intializeDriver(baseProperties.java:65)
	at VW_TC.TC0003_login_With_Empirix_Business_Analyst.applicationLaunch(TC0003_login_With_Empirix_Business_Analyst.java:33)
... Removed 28 stack frames
</div> <!-- stack-trace -->
                </div> <!-- method-content -->
              </div> <!-- method -->
              <div class="method">
                <div class="method-content">
                  <a name="logInWithExpirixBusinessAnalyst">
                  </a> <!-- logInWithExpirixBusinessAnalyst -->
                  <span class="method-name">logInWithExpirixBusinessAnalyst</span>
                  <div class="stack-trace">java.lang.IllegalStateException: The driver executable does not exist: C:\Users\hsingh\Frameworks\Selenium_ECP_VW\src\main\java\resources\drivers\chromedriver.exe&quot;
	at com.google.common.base.Preconditions.checkState(Preconditions.java:585)
	at org.openqa.selenium.remote.service.DriverService.checkExecutable(DriverService.java:137)
	at org.openqa.selenium.remote.service.DriverService.findExecutable(DriverService.java:132)
	at org.openqa.selenium.chrome.ChromeDriverService.access$000(ChromeDriverService.java:35)
	at org.openqa.selenium.chrome.ChromeDriverService$Builder.findDefaultExecutable(ChromeDriverService.java:156)
	at org.openqa.selenium.remote.service.DriverService$Builder.build(DriverService.java:346)
	at org.openqa.selenium.chrome.ChromeDriverService.createDefaultService(ChromeDriverService.java:91)
	at org.openqa.selenium.chrome.ChromeDriver.&lt;init&gt;(ChromeDriver.java:157)
	at resources.baseProperties.intializeDriver(baseProperties.java:65)
	at VW_TC.TC0003_login_With_Empirix_Business_Analyst.applicationLaunch(TC0003_login_With_Empirix_Business_Analyst.java:33)
... Removed 28 stack frames
</div> <!-- stack-trace -->
                </div> <!-- method-content -->
              </div> <!-- method -->
              <div class="method">
                <div class="method-content">
                  <a name="scriptTabValidation">
                  </a> <!-- scriptTabValidation -->
                  <span class="method-name">scriptTabValidation</span>
                  <div class="stack-trace">java.lang.IllegalStateException: The driver executable does not exist: C:\Users\hsingh\Frameworks\Selenium_ECP_VW\src\main\java\resources\drivers\chromedriver.exe&quot;
	at com.google.common.base.Preconditions.checkState(Preconditions.java:585)
	at org.openqa.selenium.remote.service.DriverService.checkExecutable(DriverService.java:137)
	at org.openqa.selenium.remote.service.DriverService.findExecutable(DriverService.java:132)
	at org.openqa.selenium.chrome.ChromeDriverService.access$000(ChromeDriverService.java:35)
	at org.openqa.selenium.chrome.ChromeDriverService$Builder.findDefaultExecutable(ChromeDriverService.java:156)
	at org.openqa.selenium.remote.service.DriverService$Builder.build(DriverService.java:346)
	at org.openqa.selenium.chrome.ChromeDriverService.createDefaultService(ChromeDriverService.java:91)
	at org.openqa.selenium.chrome.ChromeDriver.&lt;init&gt;(ChromeDriver.java:157)
	at resources.baseProperties.intializeDriver(baseProperties.java:65)
	at VW_TC.TC0003_login_With_Empirix_Business_Analyst.applicationLaunch(TC0003_login_With_Empirix_Business_Analyst.java:33)
... Removed 28 stack frames
</div> <!-- stack-trace -->
                </div> <!-- method-content -->
              </div> <!-- method -->
              <div class="method">
                <div class="method-content">
                  <a name="tagTabValidation">
                  </a> <!-- tagTabValidation -->
                  <span class="method-name">tagTabValidation</span>
                  <div class="stack-trace">java.lang.IllegalStateException: The driver executable does not exist: C:\Users\hsingh\Frameworks\Selenium_ECP_VW\src\main\java\resources\drivers\chromedriver.exe&quot;
	at com.google.common.base.Preconditions.checkState(Preconditions.java:585)
	at org.openqa.selenium.remote.service.DriverService.checkExecutable(DriverService.java:137)
	at org.openqa.selenium.remote.service.DriverService.findExecutable(DriverService.java:132)
	at org.openqa.selenium.chrome.ChromeDriverService.access$000(ChromeDriverService.java:35)
	at org.openqa.selenium.chrome.ChromeDriverService$Builder.findDefaultExecutable(ChromeDriverService.java:156)
	at org.openqa.selenium.remote.service.DriverService$Builder.build(DriverService.java:346)
	at org.openqa.selenium.chrome.ChromeDriverService.createDefaultService(ChromeDriverService.java:91)
	at org.openqa.selenium.chrome.ChromeDriver.&lt;init&gt;(ChromeDriver.java:157)
	at resources.baseProperties.intializeDriver(baseProperties.java:65)
	at VW_TC.TC0003_login_With_Empirix_Business_Analyst.applicationLaunch(TC0003_login_With_Empirix_Business_Analyst.java:33)
... Removed 28 stack frames
</div> <!-- stack-trace -->
                </div> <!-- method-content -->
              </div> <!-- method -->
              <div class="method">
                <div class="method-content">
                  <a name="testTabValidation">
                  </a> <!-- testTabValidation -->
                  <span class="method-name">testTabValidation</span>
                  <div class="stack-trace">java.lang.IllegalStateException: The driver executable does not exist: C:\Users\hsingh\Frameworks\Selenium_ECP_VW\src\main\java\resources\drivers\chromedriver.exe&quot;
	at com.google.common.base.Preconditions.checkState(Preconditions.java:585)
	at org.openqa.selenium.remote.service.DriverService.checkExecutable(DriverService.java:137)
	at org.openqa.selenium.remote.service.DriverService.findExecutable(DriverService.java:132)
	at org.openqa.selenium.chrome.ChromeDriverService.access$000(ChromeDriverService.java:35)
	at org.openqa.selenium.chrome.ChromeDriverService$Builder.findDefaultExecutable(ChromeDriverService.java:156)
	at org.openqa.selenium.remote.service.DriverService$Builder.build(DriverService.java:346)
	at org.openqa.selenium.chrome.ChromeDriverService.createDefaultService(ChromeDriverService.java:91)
	at org.openqa.selenium.chrome.ChromeDriver.&lt;init&gt;(ChromeDriver.java:157)
	at resources.baseProperties.intializeDriver(baseProperties.java:65)
	at VW_TC.TC0003_login_With_Empirix_Business_Analyst.applicationLaunch(TC0003_login_With_Empirix_Business_Analyst.java:33)
... Removed 28 stack frames
</div> <!-- stack-trace -->
                </div> <!-- method-content -->
              </div> <!-- method -->
              <div class="method">
                <div class="method-content">
                  <a name="variableTabValidation">
                  </a> <!-- variableTabValidation -->
                  <span class="method-name">variableTabValidation</span>
                  <div class="stack-trace">java.lang.IllegalStateException: The driver executable does not exist: C:\Users\hsingh\Frameworks\Selenium_ECP_VW\src\main\java\resources\drivers\chromedriver.exe&quot;
	at com.google.common.base.Preconditions.checkState(Preconditions.java:585)
	at org.openqa.selenium.remote.service.DriverService.checkExecutable(DriverService.java:137)
	at org.openqa.selenium.remote.service.DriverService.findExecutable(DriverService.java:132)
	at org.openqa.selenium.chrome.ChromeDriverService.access$000(ChromeDriverService.java:35)
	at org.openqa.selenium.chrome.ChromeDriverService$Builder.findDefaultExecutable(ChromeDriverService.java:156)
	at org.openqa.selenium.remote.service.DriverService$Builder.build(DriverService.java:346)
	at org.openqa.selenium.chrome.ChromeDriverService.createDefaultService(ChromeDriverService.java:91)
	at org.openqa.selenium.chrome.ChromeDriver.&lt;init&gt;(ChromeDriver.java:157)
	at resources.baseProperties.intializeDriver(baseProperties.java:65)
	at VW_TC.TC0003_login_With_Empirix_Business_Analyst.applicationLaunch(TC0003_login_With_Empirix_Business_Analyst.java:33)
... Removed 28 stack frames
</div> <!-- stack-trace -->
                </div> <!-- method-content -->
              </div> <!-- method -->
            </div> <!-- main-panel-content rounded-window-bottom -->
          </div> <!-- suite-Suite-class-skipped -->
          <div class="suite-Suite-class-skipped">
            <div class="main-panel-header rounded-window-top">
              <img src="skipped.png"/>
              <span class="class-name">VW_TC.TC0002_login_With_Exmpirix_Admin</span>
            </div> <!-- main-panel-header rounded-window-top -->
            <div class="main-panel-content rounded-window-bottom">
              <div class="method">
                <div class="method-content">
                  <a name="TabAvailabilityValidation">
                  </a> <!-- TabAvailabilityValidation -->
                  <span class="method-name">TabAvailabilityValidation</span>
                  <div class="stack-trace">java.lang.IllegalStateException: The driver executable does not exist: C:\Users\hsingh\Frameworks\Selenium_ECP_VW\src\main\java\resources\drivers\chromedriver.exe&quot;
	at com.google.common.base.Preconditions.checkState(Preconditions.java:585)
	at org.openqa.selenium.remote.service.DriverService.checkExecutable(DriverService.java:137)
	at org.openqa.selenium.remote.service.DriverService.findExecutable(DriverService.java:132)
	at org.openqa.selenium.chrome.ChromeDriverService.access$000(ChromeDriverService.java:35)
	at org.openqa.selenium.chrome.ChromeDriverService$Builder.findDefaultExecutable(ChromeDriverService.java:156)
	at org.openqa.selenium.remote.service.DriverService$Builder.build(DriverService.java:346)
	at org.openqa.selenium.chrome.ChromeDriverService.createDefaultService(ChromeDriverService.java:91)
	at org.openqa.selenium.chrome.ChromeDriver.&lt;init&gt;(ChromeDriver.java:157)
	at resources.baseProperties.intializeDriver(baseProperties.java:65)
	at VW_TC.TC0002_login_With_Exmpirix_Admin.applicationLaunch(TC0002_login_With_Exmpirix_Admin.java:33)
... Removed 28 stack frames
</div> <!-- stack-trace -->
                </div> <!-- method-content -->
              </div> <!-- method -->
              <div class="method">
                <div class="method-content">
                  <a name="alertTabValidation">
                  </a> <!-- alertTabValidation -->
                  <span class="method-name">alertTabValidation</span>
                  <div class="stack-trace">java.lang.IllegalStateException: The driver executable does not exist: C:\Users\hsingh\Frameworks\Selenium_ECP_VW\src\main\java\resources\drivers\chromedriver.exe&quot;
	at com.google.common.base.Preconditions.checkState(Preconditions.java:585)
	at org.openqa.selenium.remote.service.DriverService.checkExecutable(DriverService.java:137)
	at org.openqa.selenium.remote.service.DriverService.findExecutable(DriverService.java:132)
	at org.openqa.selenium.chrome.ChromeDriverService.access$000(ChromeDriverService.java:35)
	at org.openqa.selenium.chrome.ChromeDriverService$Builder.findDefaultExecutable(ChromeDriverService.java:156)
	at org.openqa.selenium.remote.service.DriverService$Builder.build(DriverService.java:346)
	at org.openqa.selenium.chrome.ChromeDriverService.createDefaultService(ChromeDriverService.java:91)
	at org.openqa.selenium.chrome.ChromeDriver.&lt;init&gt;(ChromeDriver.java:157)
	at resources.baseProperties.intializeDriver(baseProperties.java:65)
	at VW_TC.TC0002_login_With_Exmpirix_Admin.applicationLaunch(TC0002_login_With_Exmpirix_Admin.java:33)
... Removed 28 stack frames
</div> <!-- stack-trace -->
                </div> <!-- method-content -->
              </div> <!-- method -->
              <div class="method">
                <div class="method-content">
                  <a name="dashBoardTabValidation">
                  </a> <!-- dashBoardTabValidation -->
                  <span class="method-name">dashBoardTabValidation</span>
                  <div class="stack-trace">java.lang.IllegalStateException: The driver executable does not exist: C:\Users\hsingh\Frameworks\Selenium_ECP_VW\src\main\java\resources\drivers\chromedriver.exe&quot;
	at com.google.common.base.Preconditions.checkState(Preconditions.java:585)
	at org.openqa.selenium.remote.service.DriverService.checkExecutable(DriverService.java:137)
	at org.openqa.selenium.remote.service.DriverService.findExecutable(DriverService.java:132)
	at org.openqa.selenium.chrome.ChromeDriverService.access$000(ChromeDriverService.java:35)
	at org.openqa.selenium.chrome.ChromeDriverService$Builder.findDefaultExecutable(ChromeDriverService.java:156)
	at org.openqa.selenium.remote.service.DriverService$Builder.build(DriverService.java:346)
	at org.openqa.selenium.chrome.ChromeDriverService.createDefaultService(ChromeDriverService.java:91)
	at org.openqa.selenium.chrome.ChromeDriver.&lt;init&gt;(ChromeDriver.java:157)
	at resources.baseProperties.intializeDriver(baseProperties.java:65)
	at VW_TC.TC0002_login_With_Exmpirix_Admin.applicationLaunch(TC0002_login_With_Exmpirix_Admin.java:33)
... Removed 28 stack frames
</div> <!-- stack-trace -->
                </div> <!-- method-content -->
              </div> <!-- method -->
              <div class="method">
                <div class="method-content">
                  <a name="footerMandatoryDetails">
                  </a> <!-- footerMandatoryDetails -->
                  <span class="method-name">footerMandatoryDetails</span>
                  <div class="stack-trace">java.lang.IllegalStateException: The driver executable does not exist: C:\Users\hsingh\Frameworks\Selenium_ECP_VW\src\main\java\resources\drivers\chromedriver.exe&quot;
	at com.google.common.base.Preconditions.checkState(Preconditions.java:585)
	at org.openqa.selenium.remote.service.DriverService.checkExecutable(DriverService.java:137)
	at org.openqa.selenium.remote.service.DriverService.findExecutable(DriverService.java:132)
	at org.openqa.selenium.chrome.ChromeDriverService.access$000(ChromeDriverService.java:35)
	at org.openqa.selenium.chrome.ChromeDriverService$Builder.findDefaultExecutable(ChromeDriverService.java:156)
	at org.openqa.selenium.remote.service.DriverService$Builder.build(DriverService.java:346)
	at org.openqa.selenium.chrome.ChromeDriverService.createDefaultService(ChromeDriverService.java:91)
	at org.openqa.selenium.chrome.ChromeDriver.&lt;init&gt;(ChromeDriver.java:157)
	at resources.baseProperties.intializeDriver(baseProperties.java:65)
	at VW_TC.TC0002_login_With_Exmpirix_Admin.applicationLaunch(TC0002_login_With_Exmpirix_Admin.java:33)
... Removed 28 stack frames
</div> <!-- stack-trace -->
                </div> <!-- method-content -->
              </div> <!-- method -->
              <div class="method">
                <div class="method-content">
                  <a name="headerMandatoryDetails">
                  </a> <!-- headerMandatoryDetails -->
                  <span class="method-name">headerMandatoryDetails</span>
                  <div class="stack-trace">java.lang.IllegalStateException: The driver executable does not exist: C:\Users\hsingh\Frameworks\Selenium_ECP_VW\src\main\java\resources\drivers\chromedriver.exe&quot;
	at com.google.common.base.Preconditions.checkState(Preconditions.java:585)
	at org.openqa.selenium.remote.service.DriverService.checkExecutable(DriverService.java:137)
	at org.openqa.selenium.remote.service.DriverService.findExecutable(DriverService.java:132)
	at org.openqa.selenium.chrome.ChromeDriverService.access$000(ChromeDriverService.java:35)
	at org.openqa.selenium.chrome.ChromeDriverService$Builder.findDefaultExecutable(ChromeDriverService.java:156)
	at org.openqa.selenium.remote.service.DriverService$Builder.build(DriverService.java:346)
	at org.openqa.selenium.chrome.ChromeDriverService.createDefaultService(ChromeDriverService.java:91)
	at org.openqa.selenium.chrome.ChromeDriver.&lt;init&gt;(ChromeDriver.java:157)
	at resources.baseProperties.intializeDriver(baseProperties.java:65)
	at VW_TC.TC0002_login_With_Exmpirix_Admin.applicationLaunch(TC0002_login_With_Exmpirix_Admin.java:33)
... Removed 28 stack frames
</div> <!-- stack-trace -->
                </div> <!-- method-content -->
              </div> <!-- method -->
              <div class="method">
                <div class="method-content">
                  <a name="logInWithExpirixAdmin">
                  </a> <!-- logInWithExpirixAdmin -->
                  <span class="method-name">logInWithExpirixAdmin</span>
                  <div class="stack-trace">java.lang.IllegalStateException: The driver executable does not exist: C:\Users\hsingh\Frameworks\Selenium_ECP_VW\src\main\java\resources\drivers\chromedriver.exe&quot;
	at com.google.common.base.Preconditions.checkState(Preconditions.java:585)
	at org.openqa.selenium.remote.service.DriverService.checkExecutable(DriverService.java:137)
	at org.openqa.selenium.remote.service.DriverService.findExecutable(DriverService.java:132)
	at org.openqa.selenium.chrome.ChromeDriverService.access$000(ChromeDriverService.java:35)
	at org.openqa.selenium.chrome.ChromeDriverService$Builder.findDefaultExecutable(ChromeDriverService.java:156)
	at org.openqa.selenium.remote.service.DriverService$Builder.build(DriverService.java:346)
	at org.openqa.selenium.chrome.ChromeDriverService.createDefaultService(ChromeDriverService.java:91)
	at org.openqa.selenium.chrome.ChromeDriver.&lt;init&gt;(ChromeDriver.java:157)
	at resources.baseProperties.intializeDriver(baseProperties.java:65)
	at VW_TC.TC0002_login_With_Exmpirix_Admin.applicationLaunch(TC0002_login_With_Exmpirix_Admin.java:33)
... Removed 28 stack frames
</div> <!-- stack-trace -->
                </div> <!-- method-content -->
              </div> <!-- method -->
              <div class="method">
                <div class="method-content">
                  <a name="scriptTabValidation">
                  </a> <!-- scriptTabValidation -->
                  <span class="method-name">scriptTabValidation</span>
                  <div class="stack-trace">java.lang.IllegalStateException: The driver executable does not exist: C:\Users\hsingh\Frameworks\Selenium_ECP_VW\src\main\java\resources\drivers\chromedriver.exe&quot;
	at com.google.common.base.Preconditions.checkState(Preconditions.java:585)
	at org.openqa.selenium.remote.service.DriverService.checkExecutable(DriverService.java:137)
	at org.openqa.selenium.remote.service.DriverService.findExecutable(DriverService.java:132)
	at org.openqa.selenium.chrome.ChromeDriverService.access$000(ChromeDriverService.java:35)
	at org.openqa.selenium.chrome.ChromeDriverService$Builder.findDefaultExecutable(ChromeDriverService.java:156)
	at org.openqa.selenium.remote.service.DriverService$Builder.build(DriverService.java:346)
	at org.openqa.selenium.chrome.ChromeDriverService.createDefaultService(ChromeDriverService.java:91)
	at org.openqa.selenium.chrome.ChromeDriver.&lt;init&gt;(ChromeDriver.java:157)
	at resources.baseProperties.intializeDriver(baseProperties.java:65)
	at VW_TC.TC0002_login_With_Exmpirix_Admin.applicationLaunch(TC0002_login_With_Exmpirix_Admin.java:33)
... Removed 28 stack frames
</div> <!-- stack-trace -->
                </div> <!-- method-content -->
              </div> <!-- method -->
              <div class="method">
                <div class="method-content">
                  <a name="tagTabValidation">
                  </a> <!-- tagTabValidation -->
                  <span class="method-name">tagTabValidation</span>
                  <div class="stack-trace">java.lang.IllegalStateException: The driver executable does not exist: C:\Users\hsingh\Frameworks\Selenium_ECP_VW\src\main\java\resources\drivers\chromedriver.exe&quot;
	at com.google.common.base.Preconditions.checkState(Preconditions.java:585)
	at org.openqa.selenium.remote.service.DriverService.checkExecutable(DriverService.java:137)
	at org.openqa.selenium.remote.service.DriverService.findExecutable(DriverService.java:132)
	at org.openqa.selenium.chrome.ChromeDriverService.access$000(ChromeDriverService.java:35)
	at org.openqa.selenium.chrome.ChromeDriverService$Builder.findDefaultExecutable(ChromeDriverService.java:156)
	at org.openqa.selenium.remote.service.DriverService$Builder.build(DriverService.java:346)
	at org.openqa.selenium.chrome.ChromeDriverService.createDefaultService(ChromeDriverService.java:91)
	at org.openqa.selenium.chrome.ChromeDriver.&lt;init&gt;(ChromeDriver.java:157)
	at resources.baseProperties.intializeDriver(baseProperties.java:65)
	at VW_TC.TC0002_login_With_Exmpirix_Admin.applicationLaunch(TC0002_login_With_Exmpirix_Admin.java:33)
... Removed 28 stack frames
</div> <!-- stack-trace -->
                </div> <!-- method-content -->
              </div> <!-- method -->
              <div class="method">
                <div class="method-content">
                  <a name="testTabValidation">
                  </a> <!-- testTabValidation -->
                  <span class="method-name">testTabValidation</span>
                  <div class="stack-trace">java.lang.IllegalStateException: The driver executable does not exist: C:\Users\hsingh\Frameworks\Selenium_ECP_VW\src\main\java\resources\drivers\chromedriver.exe&quot;
	at com.google.common.base.Preconditions.checkState(Preconditions.java:585)
	at org.openqa.selenium.remote.service.DriverService.checkExecutable(DriverService.java:137)
	at org.openqa.selenium.remote.service.DriverService.findExecutable(DriverService.java:132)
	at org.openqa.selenium.chrome.ChromeDriverService.access$000(ChromeDriverService.java:35)
	at org.openqa.selenium.chrome.ChromeDriverService$Builder.findDefaultExecutable(ChromeDriverService.java:156)
	at org.openqa.selenium.remote.service.DriverService$Builder.build(DriverService.java:346)
	at org.openqa.selenium.chrome.ChromeDriverService.createDefaultService(ChromeDriverService.java:91)
	at org.openqa.selenium.chrome.ChromeDriver.&lt;init&gt;(ChromeDriver.java:157)
	at resources.baseProperties.intializeDriver(baseProperties.java:65)
	at VW_TC.TC0002_login_With_Exmpirix_Admin.applicationLaunch(TC0002_login_With_Exmpirix_Admin.java:33)
... Removed 28 stack frames
</div> <!-- stack-trace -->
                </div> <!-- method-content -->
              </div> <!-- method -->
              <div class="method">
                <div class="method-content">
                  <a name="variableTabValidation">
                  </a> <!-- variableTabValidation -->
                  <span class="method-name">variableTabValidation</span>
                  <div class="stack-trace">java.lang.IllegalStateException: The driver executable does not exist: C:\Users\hsingh\Frameworks\Selenium_ECP_VW\src\main\java\resources\drivers\chromedriver.exe&quot;
	at com.google.common.base.Preconditions.checkState(Preconditions.java:585)
	at org.openqa.selenium.remote.service.DriverService.checkExecutable(DriverService.java:137)
	at org.openqa.selenium.remote.service.DriverService.findExecutable(DriverService.java:132)
	at org.openqa.selenium.chrome.ChromeDriverService.access$000(ChromeDriverService.java:35)
	at org.openqa.selenium.chrome.ChromeDriverService$Builder.findDefaultExecutable(ChromeDriverService.java:156)
	at org.openqa.selenium.remote.service.DriverService$Builder.build(DriverService.java:346)
	at org.openqa.selenium.chrome.ChromeDriverService.createDefaultService(ChromeDriverService.java:91)
	at org.openqa.selenium.chrome.ChromeDriver.&lt;init&gt;(ChromeDriver.java:157)
	at resources.baseProperties.intializeDriver(baseProperties.java:65)
	at VW_TC.TC0002_login_With_Exmpirix_Admin.applicationLaunch(TC0002_login_With_Exmpirix_Admin.java:33)
... Removed 28 stack frames
</div> <!-- stack-trace -->
                </div> <!-- method-content -->
              </div> <!-- method -->
            </div> <!-- main-panel-content rounded-window-bottom -->
          </div> <!-- suite-Suite-class-skipped -->
          <div class="suite-Suite-class-skipped">
            <div class="main-panel-header rounded-window-top">
              <img src="skipped.png"/>
              <span class="class-name">VW_TC.TC0011_login_With_Client_OR_Partner_Client_User</span>
            </div> <!-- main-panel-header rounded-window-top -->
            <div class="main-panel-content rounded-window-bottom">
              <div class="method">
                <div class="method-content">
                  <a name="TabValidation">
                  </a> <!-- TabValidation -->
                  <span class="method-name">TabValidation</span>
                  <div class="stack-trace">java.lang.IllegalStateException: The driver executable does not exist: C:\Users\hsingh\Frameworks\Selenium_ECP_VW\src\main\java\resources\drivers\chromedriver.exe&quot;
	at com.google.common.base.Preconditions.checkState(Preconditions.java:585)
	at org.openqa.selenium.remote.service.DriverService.checkExecutable(DriverService.java:137)
	at org.openqa.selenium.remote.service.DriverService.findExecutable(DriverService.java:132)
	at org.openqa.selenium.chrome.ChromeDriverService.access$000(ChromeDriverService.java:35)
	at org.openqa.selenium.chrome.ChromeDriverService$Builder.findDefaultExecutable(ChromeDriverService.java:156)
	at org.openqa.selenium.remote.service.DriverService$Builder.build(DriverService.java:346)
	at org.openqa.selenium.chrome.ChromeDriverService.createDefaultService(ChromeDriverService.java:91)
	at org.openqa.selenium.chrome.ChromeDriver.&lt;init&gt;(ChromeDriver.java:157)
	at resources.baseProperties.intializeDriver(baseProperties.java:65)
	at VW_TC.TC0011_login_With_Client_OR_Partner_Client_User.applicationLaunch(TC0011_login_With_Client_OR_Partner_Client_User.java:31)
... Removed 28 stack frames
</div> <!-- stack-trace -->
                </div> <!-- method-content -->
              </div> <!-- method -->
              <div class="method">
                <div class="method-content">
                  <a name="alertTabValidation">
                  </a> <!-- alertTabValidation -->
                  <span class="method-name">alertTabValidation</span>
                  <div class="stack-trace">java.lang.IllegalStateException: The driver executable does not exist: C:\Users\hsingh\Frameworks\Selenium_ECP_VW\src\main\java\resources\drivers\chromedriver.exe&quot;
	at com.google.common.base.Preconditions.checkState(Preconditions.java:585)
	at org.openqa.selenium.remote.service.DriverService.checkExecutable(DriverService.java:137)
	at org.openqa.selenium.remote.service.DriverService.findExecutable(DriverService.java:132)
	at org.openqa.selenium.chrome.ChromeDriverService.access$000(ChromeDriverService.java:35)
	at org.openqa.selenium.chrome.ChromeDriverService$Builder.findDefaultExecutable(ChromeDriverService.java:156)
	at org.openqa.selenium.remote.service.DriverService$Builder.build(DriverService.java:346)
	at org.openqa.selenium.chrome.ChromeDriverService.createDefaultService(ChromeDriverService.java:91)
	at org.openqa.selenium.chrome.ChromeDriver.&lt;init&gt;(ChromeDriver.java:157)
	at resources.baseProperties.intializeDriver(baseProperties.java:65)
	at VW_TC.TC0011_login_With_Client_OR_Partner_Client_User.applicationLaunch(TC0011_login_With_Client_OR_Partner_Client_User.java:31)
... Removed 28 stack frames
</div> <!-- stack-trace -->
                </div> <!-- method-content -->
              </div> <!-- method -->
              <div class="method">
                <div class="method-content">
                  <a name="dashBoardTabValidation">
                  </a> <!-- dashBoardTabValidation -->
                  <span class="method-name">dashBoardTabValidation</span>
                  <div class="stack-trace">java.lang.IllegalStateException: The driver executable does not exist: C:\Users\hsingh\Frameworks\Selenium_ECP_VW\src\main\java\resources\drivers\chromedriver.exe&quot;
	at com.google.common.base.Preconditions.checkState(Preconditions.java:585)
	at org.openqa.selenium.remote.service.DriverService.checkExecutable(DriverService.java:137)
	at org.openqa.selenium.remote.service.DriverService.findExecutable(DriverService.java:132)
	at org.openqa.selenium.chrome.ChromeDriverService.access$000(ChromeDriverService.java:35)
	at org.openqa.selenium.chrome.ChromeDriverService$Builder.findDefaultExecutable(ChromeDriverService.java:156)
	at org.openqa.selenium.remote.service.DriverService$Builder.build(DriverService.java:346)
	at org.openqa.selenium.chrome.ChromeDriverService.createDefaultService(ChromeDriverService.java:91)
	at org.openqa.selenium.chrome.ChromeDriver.&lt;init&gt;(ChromeDriver.java:157)
	at resources.baseProperties.intializeDriver(baseProperties.java:65)
	at VW_TC.TC0011_login_With_Client_OR_Partner_Client_User.applicationLaunch(TC0011_login_With_Client_OR_Partner_Client_User.java:31)
... Removed 28 stack frames
</div> <!-- stack-trace -->
                </div> <!-- method-content -->
              </div> <!-- method -->
              <div class="method">
                <div class="method-content">
                  <a name="footerMandatoryDetails">
                  </a> <!-- footerMandatoryDetails -->
                  <span class="method-name">footerMandatoryDetails</span>
                  <div class="stack-trace">java.lang.IllegalStateException: The driver executable does not exist: C:\Users\hsingh\Frameworks\Selenium_ECP_VW\src\main\java\resources\drivers\chromedriver.exe&quot;
	at com.google.common.base.Preconditions.checkState(Preconditions.java:585)
	at org.openqa.selenium.remote.service.DriverService.checkExecutable(DriverService.java:137)
	at org.openqa.selenium.remote.service.DriverService.findExecutable(DriverService.java:132)
	at org.openqa.selenium.chrome.ChromeDriverService.access$000(ChromeDriverService.java:35)
	at org.openqa.selenium.chrome.ChromeDriverService$Builder.findDefaultExecutable(ChromeDriverService.java:156)
	at org.openqa.selenium.remote.service.DriverService$Builder.build(DriverService.java:346)
	at org.openqa.selenium.chrome.ChromeDriverService.createDefaultService(ChromeDriverService.java:91)
	at org.openqa.selenium.chrome.ChromeDriver.&lt;init&gt;(ChromeDriver.java:157)
	at resources.baseProperties.intializeDriver(baseProperties.java:65)
	at VW_TC.TC0011_login_With_Client_OR_Partner_Client_User.applicationLaunch(TC0011_login_With_Client_OR_Partner_Client_User.java:31)
... Removed 28 stack frames
</div> <!-- stack-trace -->
                </div> <!-- method-content -->
              </div> <!-- method -->
              <div class="method">
                <div class="method-content">
                  <a name="headerMandatoryDetails">
                  </a> <!-- headerMandatoryDetails -->
                  <span class="method-name">headerMandatoryDetails</span>
                  <div class="stack-trace">java.lang.IllegalStateException: The driver executable does not exist: C:\Users\hsingh\Frameworks\Selenium_ECP_VW\src\main\java\resources\drivers\chromedriver.exe&quot;
	at com.google.common.base.Preconditions.checkState(Preconditions.java:585)
	at org.openqa.selenium.remote.service.DriverService.checkExecutable(DriverService.java:137)
	at org.openqa.selenium.remote.service.DriverService.findExecutable(DriverService.java:132)
	at org.openqa.selenium.chrome.ChromeDriverService.access$000(ChromeDriverService.java:35)
	at org.openqa.selenium.chrome.ChromeDriverService$Builder.findDefaultExecutable(ChromeDriverService.java:156)
	at org.openqa.selenium.remote.service.DriverService$Builder.build(DriverService.java:346)
	at org.openqa.selenium.chrome.ChromeDriverService.createDefaultService(ChromeDriverService.java:91)
	at org.openqa.selenium.chrome.ChromeDriver.&lt;init&gt;(ChromeDriver.java:157)
	at resources.baseProperties.intializeDriver(baseProperties.java:65)
	at VW_TC.TC0011_login_With_Client_OR_Partner_Client_User.applicationLaunch(TC0011_login_With_Client_OR_Partner_Client_User.java:31)
... Removed 28 stack frames
</div> <!-- stack-trace -->
                </div> <!-- method-content -->
              </div> <!-- method -->
              <div class="method">
                <div class="method-content">
                  <a name="logInWithPartnerClient_User">
                  </a> <!-- logInWithPartnerClient_User -->
                  <span class="method-name">logInWithPartnerClient_User</span>
                  <div class="stack-trace">java.lang.IllegalStateException: The driver executable does not exist: C:\Users\hsingh\Frameworks\Selenium_ECP_VW\src\main\java\resources\drivers\chromedriver.exe&quot;
	at com.google.common.base.Preconditions.checkState(Preconditions.java:585)
	at org.openqa.selenium.remote.service.DriverService.checkExecutable(DriverService.java:137)
	at org.openqa.selenium.remote.service.DriverService.findExecutable(DriverService.java:132)
	at org.openqa.selenium.chrome.ChromeDriverService.access$000(ChromeDriverService.java:35)
	at org.openqa.selenium.chrome.ChromeDriverService$Builder.findDefaultExecutable(ChromeDriverService.java:156)
	at org.openqa.selenium.remote.service.DriverService$Builder.build(DriverService.java:346)
	at org.openqa.selenium.chrome.ChromeDriverService.createDefaultService(ChromeDriverService.java:91)
	at org.openqa.selenium.chrome.ChromeDriver.&lt;init&gt;(ChromeDriver.java:157)
	at resources.baseProperties.intializeDriver(baseProperties.java:65)
	at VW_TC.TC0011_login_With_Client_OR_Partner_Client_User.applicationLaunch(TC0011_login_With_Client_OR_Partner_Client_User.java:31)
... Removed 28 stack frames
</div> <!-- stack-trace -->
                </div> <!-- method-content -->
              </div> <!-- method -->
              <div class="method">
                <div class="method-content">
                  <a name="testTabValidation">
                  </a> <!-- testTabValidation -->
                  <span class="method-name">testTabValidation</span>
                  <div class="stack-trace">java.lang.IllegalStateException: The driver executable does not exist: C:\Users\hsingh\Frameworks\Selenium_ECP_VW\src\main\java\resources\drivers\chromedriver.exe&quot;
	at com.google.common.base.Preconditions.checkState(Preconditions.java:585)
	at org.openqa.selenium.remote.service.DriverService.checkExecutable(DriverService.java:137)
	at org.openqa.selenium.remote.service.DriverService.findExecutable(DriverService.java:132)
	at org.openqa.selenium.chrome.ChromeDriverService.access$000(ChromeDriverService.java:35)
	at org.openqa.selenium.chrome.ChromeDriverService$Builder.findDefaultExecutable(ChromeDriverService.java:156)
	at org.openqa.selenium.remote.service.DriverService$Builder.build(DriverService.java:346)
	at org.openqa.selenium.chrome.ChromeDriverService.createDefaultService(ChromeDriverService.java:91)
	at org.openqa.selenium.chrome.ChromeDriver.&lt;init&gt;(ChromeDriver.java:157)
	at resources.baseProperties.intializeDriver(baseProperties.java:65)
	at VW_TC.TC0011_login_With_Client_OR_Partner_Client_User.applicationLaunch(TC0011_login_With_Client_OR_Partner_Client_User.java:31)
... Removed 28 stack frames
</div> <!-- stack-trace -->
                </div> <!-- method-content -->
              </div> <!-- method -->
              <div class="method">
                <div class="method-content">
                  <a name="variableTabValidation">
                  </a> <!-- variableTabValidation -->
                  <span class="method-name">variableTabValidation</span>
                  <div class="stack-trace">java.lang.IllegalStateException: The driver executable does not exist: C:\Users\hsingh\Frameworks\Selenium_ECP_VW\src\main\java\resources\drivers\chromedriver.exe&quot;
	at com.google.common.base.Preconditions.checkState(Preconditions.java:585)
	at org.openqa.selenium.remote.service.DriverService.checkExecutable(DriverService.java:137)
	at org.openqa.selenium.remote.service.DriverService.findExecutable(DriverService.java:132)
	at org.openqa.selenium.chrome.ChromeDriverService.access$000(ChromeDriverService.java:35)
	at org.openqa.selenium.chrome.ChromeDriverService$Builder.findDefaultExecutable(ChromeDriverService.java:156)
	at org.openqa.selenium.remote.service.DriverService$Builder.build(DriverService.java:346)
	at org.openqa.selenium.chrome.ChromeDriverService.createDefaultService(ChromeDriverService.java:91)
	at org.openqa.selenium.chrome.ChromeDriver.&lt;init&gt;(ChromeDriver.java:157)
	at resources.baseProperties.intializeDriver(baseProperties.java:65)
	at VW_TC.TC0011_login_With_Client_OR_Partner_Client_User.applicationLaunch(TC0011_login_With_Client_OR_Partner_Client_User.java:31)
... Removed 28 stack frames
</div> <!-- stack-trace -->
                </div> <!-- method-content -->
              </div> <!-- method -->
            </div> <!-- main-panel-content rounded-window-bottom -->
          </div> <!-- suite-Suite-class-skipped -->
          <div class="suite-Suite-class-skipped">
            <div class="main-panel-header rounded-window-top">
              <img src="skipped.png"/>
              <span class="class-name">VW_TC.TC0007_login_With_Partner_User</span>
            </div> <!-- main-panel-header rounded-window-top -->
            <div class="main-panel-content rounded-window-bottom">
              <div class="method">
                <div class="method-content">
                  <a name="TabValidation">
                  </a> <!-- TabValidation -->
                  <span class="method-name">TabValidation</span>
                  <div class="stack-trace">java.lang.IllegalStateException: The driver executable does not exist: C:\Users\hsingh\Frameworks\Selenium_ECP_VW\src\main\java\resources\drivers\chromedriver.exe&quot;
	at com.google.common.base.Preconditions.checkState(Preconditions.java:585)
	at org.openqa.selenium.remote.service.DriverService.checkExecutable(DriverService.java:137)
	at org.openqa.selenium.remote.service.DriverService.findExecutable(DriverService.java:132)
	at org.openqa.selenium.chrome.ChromeDriverService.access$000(ChromeDriverService.java:35)
	at org.openqa.selenium.chrome.ChromeDriverService$Builder.findDefaultExecutable(ChromeDriverService.java:156)
	at org.openqa.selenium.remote.service.DriverService$Builder.build(DriverService.java:346)
	at org.openqa.selenium.chrome.ChromeDriverService.createDefaultService(ChromeDriverService.java:91)
	at org.openqa.selenium.chrome.ChromeDriver.&lt;init&gt;(ChromeDriver.java:157)
	at resources.baseProperties.intializeDriver(baseProperties.java:65)
	at VW_TC.TC0007_login_With_Partner_User.applicationLaunch(TC0007_login_With_Partner_User.java:30)
... Removed 28 stack frames
</div> <!-- stack-trace -->
                </div> <!-- method-content -->
              </div> <!-- method -->
              <div class="method">
                <div class="method-content">
                  <a name="alertTabValidation">
                  </a> <!-- alertTabValidation -->
                  <span class="method-name">alertTabValidation</span>
                  <div class="stack-trace">java.lang.IllegalStateException: The driver executable does not exist: C:\Users\hsingh\Frameworks\Selenium_ECP_VW\src\main\java\resources\drivers\chromedriver.exe&quot;
	at com.google.common.base.Preconditions.checkState(Preconditions.java:585)
	at org.openqa.selenium.remote.service.DriverService.checkExecutable(DriverService.java:137)
	at org.openqa.selenium.remote.service.DriverService.findExecutable(DriverService.java:132)
	at org.openqa.selenium.chrome.ChromeDriverService.access$000(ChromeDriverService.java:35)
	at org.openqa.selenium.chrome.ChromeDriverService$Builder.findDefaultExecutable(ChromeDriverService.java:156)
	at org.openqa.selenium.remote.service.DriverService$Builder.build(DriverService.java:346)
	at org.openqa.selenium.chrome.ChromeDriverService.createDefaultService(ChromeDriverService.java:91)
	at org.openqa.selenium.chrome.ChromeDriver.&lt;init&gt;(ChromeDriver.java:157)
	at resources.baseProperties.intializeDriver(baseProperties.java:65)
	at VW_TC.TC0007_login_With_Partner_User.applicationLaunch(TC0007_login_With_Partner_User.java:30)
... Removed 28 stack frames
</div> <!-- stack-trace -->
                </div> <!-- method-content -->
              </div> <!-- method -->
              <div class="method">
                <div class="method-content">
                  <a name="dashBoardTabValidation">
                  </a> <!-- dashBoardTabValidation -->
                  <span class="method-name">dashBoardTabValidation</span>
                  <div class="stack-trace">java.lang.IllegalStateException: The driver executable does not exist: C:\Users\hsingh\Frameworks\Selenium_ECP_VW\src\main\java\resources\drivers\chromedriver.exe&quot;
	at com.google.common.base.Preconditions.checkState(Preconditions.java:585)
	at org.openqa.selenium.remote.service.DriverService.checkExecutable(DriverService.java:137)
	at org.openqa.selenium.remote.service.DriverService.findExecutable(DriverService.java:132)
	at org.openqa.selenium.chrome.ChromeDriverService.access$000(ChromeDriverService.java:35)
	at org.openqa.selenium.chrome.ChromeDriverService$Builder.findDefaultExecutable(ChromeDriverService.java:156)
	at org.openqa.selenium.remote.service.DriverService$Builder.build(DriverService.java:346)
	at org.openqa.selenium.chrome.ChromeDriverService.createDefaultService(ChromeDriverService.java:91)
	at org.openqa.selenium.chrome.ChromeDriver.&lt;init&gt;(ChromeDriver.java:157)
	at resources.baseProperties.intializeDriver(baseProperties.java:65)
	at VW_TC.TC0007_login_With_Partner_User.applicationLaunch(TC0007_login_With_Partner_User.java:30)
... Removed 28 stack frames
</div> <!-- stack-trace -->
                </div> <!-- method-content -->
              </div> <!-- method -->
              <div class="method">
                <div class="method-content">
                  <a name="footerMandatoryDetails">
                  </a> <!-- footerMandatoryDetails -->
                  <span class="method-name">footerMandatoryDetails</span>
                  <div class="stack-trace">java.lang.IllegalStateException: The driver executable does not exist: C:\Users\hsingh\Frameworks\Selenium_ECP_VW\src\main\java\resources\drivers\chromedriver.exe&quot;
	at com.google.common.base.Preconditions.checkState(Preconditions.java:585)
	at org.openqa.selenium.remote.service.DriverService.checkExecutable(DriverService.java:137)
	at org.openqa.selenium.remote.service.DriverService.findExecutable(DriverService.java:132)
	at org.openqa.selenium.chrome.ChromeDriverService.access$000(ChromeDriverService.java:35)
	at org.openqa.selenium.chrome.ChromeDriverService$Builder.findDefaultExecutable(ChromeDriverService.java:156)
	at org.openqa.selenium.remote.service.DriverService$Builder.build(DriverService.java:346)
	at org.openqa.selenium.chrome.ChromeDriverService.createDefaultService(ChromeDriverService.java:91)
	at org.openqa.selenium.chrome.ChromeDriver.&lt;init&gt;(ChromeDriver.java:157)
	at resources.baseProperties.intializeDriver(baseProperties.java:65)
	at VW_TC.TC0007_login_With_Partner_User.applicationLaunch(TC0007_login_With_Partner_User.java:30)
... Removed 28 stack frames
</div> <!-- stack-trace -->
                </div> <!-- method-content -->
              </div> <!-- method -->
              <div class="method">
                <div class="method-content">
                  <a name="headerMandatoryDetails">
                  </a> <!-- headerMandatoryDetails -->
                  <span class="method-name">headerMandatoryDetails</span>
                  <div class="stack-trace">java.lang.IllegalStateException: The driver executable does not exist: C:\Users\hsingh\Frameworks\Selenium_ECP_VW\src\main\java\resources\drivers\chromedriver.exe&quot;
	at com.google.common.base.Preconditions.checkState(Preconditions.java:585)
	at org.openqa.selenium.remote.service.DriverService.checkExecutable(DriverService.java:137)
	at org.openqa.selenium.remote.service.DriverService.findExecutable(DriverService.java:132)
	at org.openqa.selenium.chrome.ChromeDriverService.access$000(ChromeDriverService.java:35)
	at org.openqa.selenium.chrome.ChromeDriverService$Builder.findDefaultExecutable(ChromeDriverService.java:156)
	at org.openqa.selenium.remote.service.DriverService$Builder.build(DriverService.java:346)
	at org.openqa.selenium.chrome.ChromeDriverService.createDefaultService(ChromeDriverService.java:91)
	at org.openqa.selenium.chrome.ChromeDriver.&lt;init&gt;(ChromeDriver.java:157)
	at resources.baseProperties.intializeDriver(baseProperties.java:65)
	at VW_TC.TC0007_login_With_Partner_User.applicationLaunch(TC0007_login_With_Partner_User.java:30)
... Removed 28 stack frames
</div> <!-- stack-trace -->
                </div> <!-- method-content -->
              </div> <!-- method -->
              <div class="method">
                <div class="method-content">
                  <a name="logInWithPartnerUser">
                  </a> <!-- logInWithPartnerUser -->
                  <span class="method-name">logInWithPartnerUser</span>
                  <div class="stack-trace">java.lang.IllegalStateException: The driver executable does not exist: C:\Users\hsingh\Frameworks\Selenium_ECP_VW\src\main\java\resources\drivers\chromedriver.exe&quot;
	at com.google.common.base.Preconditions.checkState(Preconditions.java:585)
	at org.openqa.selenium.remote.service.DriverService.checkExecutable(DriverService.java:137)
	at org.openqa.selenium.remote.service.DriverService.findExecutable(DriverService.java:132)
	at org.openqa.selenium.chrome.ChromeDriverService.access$000(ChromeDriverService.java:35)
	at org.openqa.selenium.chrome.ChromeDriverService$Builder.findDefaultExecutable(ChromeDriverService.java:156)
	at org.openqa.selenium.remote.service.DriverService$Builder.build(DriverService.java:346)
	at org.openqa.selenium.chrome.ChromeDriverService.createDefaultService(ChromeDriverService.java:91)
	at org.openqa.selenium.chrome.ChromeDriver.&lt;init&gt;(ChromeDriver.java:157)
	at resources.baseProperties.intializeDriver(baseProperties.java:65)
	at VW_TC.TC0007_login_With_Partner_User.applicationLaunch(TC0007_login_With_Partner_User.java:30)
... Removed 28 stack frames
</div> <!-- stack-trace -->
                </div> <!-- method-content -->
              </div> <!-- method -->
              <div class="method">
                <div class="method-content">
                  <a name="testTabValidation">
                  </a> <!-- testTabValidation -->
                  <span class="method-name">testTabValidation</span>
                  <div class="stack-trace">java.lang.IllegalStateException: The driver executable does not exist: C:\Users\hsingh\Frameworks\Selenium_ECP_VW\src\main\java\resources\drivers\chromedriver.exe&quot;
	at com.google.common.base.Preconditions.checkState(Preconditions.java:585)
	at org.openqa.selenium.remote.service.DriverService.checkExecutable(DriverService.java:137)
	at org.openqa.selenium.remote.service.DriverService.findExecutable(DriverService.java:132)
	at org.openqa.selenium.chrome.ChromeDriverService.access$000(ChromeDriverService.java:35)
	at org.openqa.selenium.chrome.ChromeDriverService$Builder.findDefaultExecutable(ChromeDriverService.java:156)
	at org.openqa.selenium.remote.service.DriverService$Builder.build(DriverService.java:346)
	at org.openqa.selenium.chrome.ChromeDriverService.createDefaultService(ChromeDriverService.java:91)
	at org.openqa.selenium.chrome.ChromeDriver.&lt;init&gt;(ChromeDriver.java:157)
	at resources.baseProperties.intializeDriver(baseProperties.java:65)
	at VW_TC.TC0007_login_With_Partner_User.applicationLaunch(TC0007_login_With_Partner_User.java:30)
... Removed 28 stack frames
</div> <!-- stack-trace -->
                </div> <!-- method-content -->
              </div> <!-- method -->
              <div class="method">
                <div class="method-content">
                  <a name="variableTabValidation">
                  </a> <!-- variableTabValidation -->
                  <span class="method-name">variableTabValidation</span>
                  <div class="stack-trace">java.lang.IllegalStateException: The driver executable does not exist: C:\Users\hsingh\Frameworks\Selenium_ECP_VW\src\main\java\resources\drivers\chromedriver.exe&quot;
	at com.google.common.base.Preconditions.checkState(Preconditions.java:585)
	at org.openqa.selenium.remote.service.DriverService.checkExecutable(DriverService.java:137)
	at org.openqa.selenium.remote.service.DriverService.findExecutable(DriverService.java:132)
	at org.openqa.selenium.chrome.ChromeDriverService.access$000(ChromeDriverService.java:35)
	at org.openqa.selenium.chrome.ChromeDriverService$Builder.findDefaultExecutable(ChromeDriverService.java:156)
	at org.openqa.selenium.remote.service.DriverService$Builder.build(DriverService.java:346)
	at org.openqa.selenium.chrome.ChromeDriverService.createDefaultService(ChromeDriverService.java:91)
	at org.openqa.selenium.chrome.ChromeDriver.&lt;init&gt;(ChromeDriver.java:157)
	at resources.baseProperties.intializeDriver(baseProperties.java:65)
	at VW_TC.TC0007_login_With_Partner_User.applicationLaunch(TC0007_login_With_Partner_User.java:30)
... Removed 28 stack frames
</div> <!-- stack-trace -->
                </div> <!-- method-content -->
              </div> <!-- method -->
            </div> <!-- main-panel-content rounded-window-bottom -->
          </div> <!-- suite-Suite-class-skipped -->
          <div class="suite-Suite-class-skipped">
            <div class="main-panel-header rounded-window-top">
              <img src="skipped.png"/>
              <span class="class-name">VW_TC.TC0001_login_Page_Verification</span>
            </div> <!-- main-panel-header rounded-window-top -->
            <div class="main-panel-content rounded-window-bottom">
              <div class="method">
                <div class="method-content">
                  <a name="logInScreenVerification">
                  </a> <!-- logInScreenVerification -->
                  <span class="method-name">logInScreenVerification</span>
                  <div class="stack-trace">java.lang.IllegalStateException: The driver executable does not exist: C:\Users\hsingh\Frameworks\Selenium_ECP_VW\src\main\java\resources\drivers\chromedriver.exe&quot;
	at com.google.common.base.Preconditions.checkState(Preconditions.java:585)
	at org.openqa.selenium.remote.service.DriverService.checkExecutable(DriverService.java:137)
	at org.openqa.selenium.remote.service.DriverService.findExecutable(DriverService.java:132)
	at org.openqa.selenium.chrome.ChromeDriverService.access$000(ChromeDriverService.java:35)
	at org.openqa.selenium.chrome.ChromeDriverService$Builder.findDefaultExecutable(ChromeDriverService.java:156)
	at org.openqa.selenium.remote.service.DriverService$Builder.build(DriverService.java:346)
	at org.openqa.selenium.chrome.ChromeDriverService.createDefaultService(ChromeDriverService.java:91)
	at org.openqa.selenium.chrome.ChromeDriver.&lt;init&gt;(ChromeDriver.java:157)
	at resources.baseProperties.intializeDriver(baseProperties.java:65)
	at VW_TC.TC0001_login_Page_Verification.applicationLaunch(TC0001_login_Page_Verification.java:23)
... Removed 28 stack frames
</div> <!-- stack-trace -->
                </div> <!-- method-content -->
              </div> <!-- method -->
            </div> <!-- main-panel-content rounded-window-bottom -->
          </div> <!-- suite-Suite-class-skipped -->
        </div> <!-- panel Suite -->
        <div panel-name="test-xml-Suite" class="panel">
          <div class="main-panel-header rounded-window-top">
            <span class="header-content">C:\Users\hsingh\Frameworks\Selenium_ECP_VW\testng_Sanity.xml</span>
          </div> <!-- main-panel-header rounded-window-top -->
          <div class="main-panel-content rounded-window-bottom">
            <pre>
&lt;?xml version=&quot;1.0&quot; encoding=&quot;UTF-8&quot;?&gt;
&lt;!DOCTYPE suite SYSTEM &quot;http://testng.org/testng-1.0.dtd&quot;&gt;
&lt;suite guice-stage=&quot;DEVELOPMENT&quot; verbose=&quot;0&quot; name=&quot;Suite&quot;&gt;
  &lt;listeners&gt;
    &lt;listener class-name=&quot;resources.ExtentReporterNG&quot;/&gt;
    &lt;listener class-name=&quot;resources.listeners&quot;/&gt;
  &lt;/listeners&gt;
  &lt;test thread-count=&quot;5&quot; verbose=&quot;0&quot; name=&quot;Test Case: 001- Login Page Verification &quot;&gt;
    &lt;classes&gt;
      &lt;class name=&quot;VW_TC.TC0001_login_Page_Verification&quot;/&gt;
    &lt;/classes&gt;
  &lt;/test&gt; &lt;!-- Test Case: 001- Login Page Verification  --&gt;
  &lt;test thread-count=&quot;5&quot; verbose=&quot;0&quot; name=&quot;Test Case: 002 - Login with &amp;#039;Empirix Admin&amp;#039; Credetials&amp;#039;and verify TabAvailablity&quot;&gt;
    &lt;classes&gt;
      &lt;class name=&quot;VW_TC.TC0002_login_With_Exmpirix_Admin&quot;/&gt;
    &lt;/classes&gt;
  &lt;/test&gt; &lt;!-- Test Case: 002 - Login with &apos;Empirix Admin&apos; Credetials&apos;and verify TabAvailablity --&gt;
  &lt;test thread-count=&quot;5&quot; verbose=&quot;0&quot; name=&quot;Test Case: 003 - Login with &amp;#039;Empirix Business Analyst&amp;#039; Credetials&amp;#039;and verify TabAvailablity&quot;&gt;
    &lt;classes&gt;
      &lt;class name=&quot;VW_TC.TC0003_login_With_Empirix_Business_Analyst&quot;/&gt;
    &lt;/classes&gt;
  &lt;/test&gt; &lt;!-- Test Case: 003 - Login with &apos;Empirix Business Analyst&apos; Credetials&apos;and verify TabAvailablity --&gt;
  &lt;test thread-count=&quot;5&quot; verbose=&quot;0&quot; name=&quot;Test Case: 007 - Login with &amp;#039;Partner Use&amp;#039; Credetials and verify TabAvailablity&quot;&gt;
    &lt;classes&gt;
      &lt;class name=&quot;VW_TC.TC0007_login_With_Partner_User&quot;/&gt;
    &lt;/classes&gt;
  &lt;/test&gt; &lt;!-- Test Case: 007 - Login with &apos;Partner Use&apos; Credetials and verify TabAvailablity --&gt;
  &lt;test thread-count=&quot;5&quot; verbose=&quot;0&quot; name=&quot;Test Case: 011 &amp;#039;Login with &amp;#039;Client or Partner Client User&amp;#039;and verify TabAvailablity&quot;&gt;
    &lt;classes&gt;
      &lt;class name=&quot;VW_TC.TC0011_login_With_Client_OR_Partner_Client_User&quot;/&gt;
    &lt;/classes&gt;
  &lt;/test&gt; &lt;!-- Test Case: 011 &apos;Login with &apos;Client or Partner Client User&apos;and verify TabAvailablity --&gt;
&lt;/suite&gt; &lt;!-- Suite --&gt;
            </pre>
          </div> <!-- main-panel-content rounded-window-bottom -->
        </div> <!-- panel -->
        <div panel-name="testlist-Suite" class="panel">
          <div class="main-panel-header rounded-window-top">
            <span class="header-content">Tests for Suite</span>
          </div> <!-- main-panel-header rounded-window-top -->
          <div class="main-panel-content rounded-window-bottom">
            <ul>
              <li>
                <span class="test-name">Test Case: 001- Login Page Verification  (1 class)</span>
              </li>
              <li>
                <span class="test-name">Test Case: 002 - Login with 'Empirix Admin' Credetials'and verify TabAvailablity (1 class)</span>
              </li>
              <li>
                <span class="test-name">Test Case: 003 - Login with 'Empirix Business Analyst' Credetials'and verify TabAvailablity (1 class)</span>
              </li>
              <li>
                <span class="test-name">Test Case: 007 - Login with 'Partner Use' Credetials and verify TabAvailablity (1 class)</span>
              </li>
              <li>
                <span class="test-name">Test Case: 011 'Login with 'Client or Partner Client User'and verify TabAvailablity (1 class)</span>
              </li>
            </ul>
          </div> <!-- main-panel-content rounded-window-bottom -->
        </div> <!-- panel -->
        <div panel-name="group-Suite" class="panel">
          <div class="main-panel-header rounded-window-top">
            <span class="header-content">Groups for Suite</span>
          </div> <!-- main-panel-header rounded-window-top -->
          <div class="main-panel-content rounded-window-bottom">
          </div> <!-- main-panel-content rounded-window-bottom -->
        </div> <!-- panel -->
        <div panel-name="times-Suite" class="panel">
          <div class="main-panel-header rounded-window-top">
            <span class="header-content">Times for Suite</span>
          </div> <!-- main-panel-header rounded-window-top -->
          <div class="main-panel-content rounded-window-bottom">
            <div class="times-div">
              <script type="text/javascript">
suiteTableInitFunctions.push('tableData_Suite');
function tableData_Suite() {
var data = new google.visualization.DataTable();
data.addColumn('number', 'Number');
data.addColumn('string', 'Method');
data.addColumn('string', 'Class');
data.addColumn('number', 'Time (ms)');
data.addRows(37);
data.setCell(0, 0, 0)
data.setCell(0, 1, 'logInScreenVerification')
data.setCell(0, 2, 'VW_TC.TC0001_login_Page_Verification')
data.setCell(0, 3, 0);
data.setCell(1, 0, 1)
data.setCell(1, 1, 'alertTabValidation')
data.setCell(1, 2, 'VW_TC.TC0002_login_With_Exmpirix_Admin')
data.setCell(1, 3, 0);
data.setCell(2, 0, 2)
data.setCell(2, 1, 'tagTabValidation')
data.setCell(2, 2, 'VW_TC.TC0002_login_With_Exmpirix_Admin')
data.setCell(2, 3, 0);
data.setCell(3, 0, 3)
data.setCell(3, 1, 'logInWithExpirixAdmin')
data.setCell(3, 2, 'VW_TC.TC0002_login_With_Exmpirix_Admin')
data.setCell(3, 3, 0);
data.setCell(4, 0, 4)
data.setCell(4, 1, 'footerMandatoryDetails')
data.setCell(4, 2, 'VW_TC.TC0002_login_With_Exmpirix_Admin')
data.setCell(4, 3, 0);
data.setCell(5, 0, 5)
data.setCell(5, 1, 'scriptTabValidation')
data.setCell(5, 2, 'VW_TC.TC0002_login_With_Exmpirix_Admin')
data.setCell(5, 3, 0);
data.setCell(6, 0, 6)
data.setCell(6, 1, 'headerMandatoryDetails')
data.setCell(6, 2, 'VW_TC.TC0002_login_With_Exmpirix_Admin')
data.setCell(6, 3, 0);
data.setCell(7, 0, 7)
data.setCell(7, 1, 'dashBoardTabValidation')
data.setCell(7, 2, 'VW_TC.TC0002_login_With_Exmpirix_Admin')
data.setCell(7, 3, 0);
data.setCell(8, 0, 8)
data.setCell(8, 1, 'testTabValidation')
data.setCell(8, 2, 'VW_TC.TC0002_login_With_Exmpirix_Admin')
data.setCell(8, 3, 0);
data.setCell(9, 0, 9)
data.setCell(9, 1, 'TabAvailabilityValidation')
data.setCell(9, 2, 'VW_TC.TC0002_login_With_Exmpirix_Admin')
data.setCell(9, 3, 0);
data.setCell(10, 0, 10)
data.setCell(10, 1, 'variableTabValidation')
data.setCell(10, 2, 'VW_TC.TC0002_login_With_Exmpirix_Admin')
data.setCell(10, 3, 0);
data.setCell(11, 0, 11)
data.setCell(11, 1, 'logInWithExpirixBusinessAnalyst')
data.setCell(11, 2, 'VW_TC.TC0003_login_With_Empirix_Business_Analyst')
data.setCell(11, 3, 0);
data.setCell(12, 0, 12)
data.setCell(12, 1, 'TabValidation')
data.setCell(12, 2, 'VW_TC.TC0003_login_With_Empirix_Business_Analyst')
data.setCell(12, 3, 0);
data.setCell(13, 0, 13)
data.setCell(13, 1, 'testTabValidation')
data.setCell(13, 2, 'VW_TC.TC0003_login_With_Empirix_Business_Analyst')
data.setCell(13, 3, 0);
data.setCell(14, 0, 14)
data.setCell(14, 1, 'variableTabValidation')
data.setCell(14, 2, 'VW_TC.TC0003_login_With_Empirix_Business_Analyst')
data.setCell(14, 3, 0);
data.setCell(15, 0, 15)
data.setCell(15, 1, 'tagTabValidation')
data.setCell(15, 2, 'VW_TC.TC0003_login_With_Empirix_Business_Analyst')
data.setCell(15, 3, 0);
data.setCell(16, 0, 16)
data.setCell(16, 1, 'dashBoardTabValidation')
data.setCell(16, 2, 'VW_TC.TC0003_login_With_Empirix_Business_Analyst')
data.setCell(16, 3, 0);
data.setCell(17, 0, 17)
data.setCell(17, 1, 'alertTabValidation')
data.setCell(17, 2, 'VW_TC.TC0003_login_With_Empirix_Business_Analyst')
data.setCell(17, 3, 0);
data.setCell(18, 0, 18)
data.setCell(18, 1, 'headerMandatoryDetails')
data.setCell(18, 2, 'VW_TC.TC0003_login_With_Empirix_Business_Analyst')
data.setCell(18, 3, 0);
data.setCell(19, 0, 19)
data.setCell(19, 1, 'footerMandatoryDetails')
data.setCell(19, 2, 'VW_TC.TC0003_login_With_Empirix_Business_Analyst')
data.setCell(19, 3, 0);
data.setCell(20, 0, 20)
data.setCell(20, 1, 'scriptTabValidation')
data.setCell(20, 2, 'VW_TC.TC0003_login_With_Empirix_Business_Analyst')
data.setCell(20, 3, 0);
data.setCell(21, 0, 21)
data.setCell(21, 1, 'alertTabValidation')
data.setCell(21, 2, 'VW_TC.TC0007_login_With_Partner_User')
data.setCell(21, 3, 0);
data.setCell(22, 0, 22)
data.setCell(22, 1, 'TabValidation')
data.setCell(22, 2, 'VW_TC.TC0007_login_With_Partner_User')
data.setCell(22, 3, 0);
data.setCell(23, 0, 23)
data.setCell(23, 1, 'testTabValidation')
data.setCell(23, 2, 'VW_TC.TC0007_login_With_Partner_User')
data.setCell(23, 3, 0);
data.setCell(24, 0, 24)
data.setCell(24, 1, 'logInWithPartnerUser')
data.setCell(24, 2, 'VW_TC.TC0007_login_With_Partner_User')
data.setCell(24, 3, 0);
data.setCell(25, 0, 25)
data.setCell(25, 1, 'headerMandatoryDetails')
data.setCell(25, 2, 'VW_TC.TC0007_login_With_Partner_User')
data.setCell(25, 3, 0);
data.setCell(26, 0, 26)
data.setCell(26, 1, 'variableTabValidation')
data.setCell(26, 2, 'VW_TC.TC0007_login_With_Partner_User')
data.setCell(26, 3, 0);
data.setCell(27, 0, 27)
data.setCell(27, 1, 'footerMandatoryDetails')
data.setCell(27, 2, 'VW_TC.TC0007_login_With_Partner_User')
data.setCell(27, 3, 0);
data.setCell(28, 0, 28)
data.setCell(28, 1, 'dashBoardTabValidation')
data.setCell(28, 2, 'VW_TC.TC0007_login_With_Partner_User')
data.setCell(28, 3, 0);
data.setCell(29, 0, 29)
data.setCell(29, 1, 'logInWithPartnerClient_User')
data.setCell(29, 2, 'VW_TC.TC0011_login_With_Client_OR_Partner_Client_User')
data.setCell(29, 3, 0);
data.setCell(30, 0, 30)
data.setCell(30, 1, 'testTabValidation')
data.setCell(30, 2, 'VW_TC.TC0011_login_With_Client_OR_Partner_Client_User')
data.setCell(30, 3, 0);
data.setCell(31, 0, 31)
data.setCell(31, 1, 'footerMandatoryDetails')
data.setCell(31, 2, 'VW_TC.TC0011_login_With_Client_OR_Partner_Client_User')
data.setCell(31, 3, 0);
data.setCell(32, 0, 32)
data.setCell(32, 1, 'alertTabValidation')
data.setCell(32, 2, 'VW_TC.TC0011_login_With_Client_OR_Partner_Client_User')
data.setCell(32, 3, 0);
data.setCell(33, 0, 33)
data.setCell(33, 1, 'variableTabValidation')
data.setCell(33, 2, 'VW_TC.TC0011_login_With_Client_OR_Partner_Client_User')
data.setCell(33, 3, 0);
data.setCell(34, 0, 34)
data.setCell(34, 1, 'headerMandatoryDetails')
data.setCell(34, 2, 'VW_TC.TC0011_login_With_Client_OR_Partner_Client_User')
data.setCell(34, 3, 0);
data.setCell(35, 0, 35)
data.setCell(35, 1, 'dashBoardTabValidation')
data.setCell(35, 2, 'VW_TC.TC0011_login_With_Client_OR_Partner_Client_User')
data.setCell(35, 3, 0);
data.setCell(36, 0, 36)
data.setCell(36, 1, 'TabValidation')
data.setCell(36, 2, 'VW_TC.TC0011_login_With_Client_OR_Partner_Client_User')
data.setCell(36, 3, 0);
window.suiteTableData['Suite']= { tableData: data, tableDiv: 'times-div-Suite'}
return data;
}
              </script>
              <span class="suite-total-time">Total running time: 0 ms</span>
              <div id="times-div-Suite">
              </div> <!-- times-div-Suite -->
            </div> <!-- times-div -->
          </div> <!-- main-panel-content rounded-window-bottom -->
        </div> <!-- panel -->
        <div panel-name="reporter-Suite" class="panel">
          <div class="main-panel-header rounded-window-top">
            <span class="header-content">Reporter output for Suite</span>
          </div> <!-- main-panel-header rounded-window-top -->
          <div class="main-panel-content rounded-window-bottom">
          </div> <!-- main-panel-content rounded-window-bottom -->
        </div> <!-- panel -->
        <div panel-name="ignored-methods-Suite" class="panel">
          <div class="main-panel-header rounded-window-top">
            <span class="header-content">0 ignored methods</span>
          </div> <!-- main-panel-header rounded-window-top -->
          <div class="main-panel-content rounded-window-bottom">
          </div> <!-- main-panel-content rounded-window-bottom -->
        </div> <!-- panel -->
        <div panel-name="chronological-Suite" class="panel">
          <div class="main-panel-header rounded-window-top">
            <span class="header-content">Methods in chronological order</span>
          </div> <!-- main-panel-header rounded-window-top -->
          <div class="main-panel-content rounded-window-bottom">
            <div class="chronological-class">
              <div class="chronological-class-name">VW_TC.TC0001_login_Page_Verification</div> <!-- chronological-class-name -->
              <div class="configuration-test before">
                <img src="failed.png">
                </img>
                <span class="method-name">applicationLaunch</span>
                <span class="method-start">0 ms</span>
              </div> <!-- configuration-test before -->
            </div> <!-- chronological-class -->
            <div class="chronological-class">
              <div class="chronological-class-name">VW_TC.TC0002_login_With_Exmpirix_Admin</div> <!-- chronological-class-name -->
              <div class="configuration-test before">
                <img src="failed.png">
                </img>
                <span class="method-name">applicationLaunch</span>
                <span class="method-start">93 ms</span>
              </div> <!-- configuration-test before -->
            </div> <!-- chronological-class -->
            <div class="chronological-class">
              <div class="chronological-class-name">VW_TC.TC0003_login_With_Empirix_Business_Analyst</div> <!-- chronological-class-name -->
              <div class="configuration-test before">
                <img src="failed.png">
                </img>
                <span class="method-name">applicationLaunch</span>
                <span class="method-start">140 ms</span>
              </div> <!-- configuration-test before -->
            </div> <!-- chronological-class -->
            <div class="chronological-class">
              <div class="chronological-class-name">VW_TC.TC0007_login_With_Partner_User</div> <!-- chronological-class-name -->
              <div class="configuration-test before">
                <img src="failed.png">
                </img>
                <span class="method-name">applicationLaunch</span>
                <span class="method-start">187 ms</span>
              </div> <!-- configuration-test before -->
            </div> <!-- chronological-class -->
            <div class="chronological-class">
              <div class="chronological-class-name">VW_TC.TC0011_login_With_Client_OR_Partner_Client_User</div> <!-- chronological-class-name -->
              <div class="configuration-test before">
                <img src="failed.png">
                </img>
                <span class="method-name">applicationLaunch</span>
                <span class="method-start">218 ms</span>
              </div> <!-- configuration-test before -->
            </div> <!-- chronological-class -->
            <div class="chronological-class">
              <div class="chronological-class-name">VW_TC.TC0001_login_Page_Verification</div> <!-- chronological-class-name -->
              <div class="test-method">
                <span class="method-name">logInScreenVerification</span>
                <span class="method-start">-1570046435418 ms</span>
              </div> <!-- test-method -->
            </div> <!-- chronological-class -->
            <div class="chronological-class">
              <div class="chronological-class-name">VW_TC.TC0002_login_With_Exmpirix_Admin</div> <!-- chronological-class-name -->
              <div class="test-method">
                <span class="method-name">logInWithExpirixAdmin</span>
                <span class="method-start">-1570046435418 ms</span>
              </div> <!-- test-method -->
              <div class="test-method">
                <span class="method-name">headerMandatoryDetails</span>
                <span class="method-start">-1570046435418 ms</span>
              </div> <!-- test-method -->
              <div class="test-method">
                <span class="method-name">footerMandatoryDetails</span>
                <span class="method-start">-1570046435418 ms</span>
              </div> <!-- test-method -->
              <div class="test-method">
                <span class="method-name">TabAvailabilityValidation</span>
                <span class="method-start">-1570046435418 ms</span>
              </div> <!-- test-method -->
              <div class="test-method">
                <span class="method-name">dashBoardTabValidation</span>
                <span class="method-start">-1570046435418 ms</span>
              </div> <!-- test-method -->
              <div class="test-method">
                <span class="method-name">alertTabValidation</span>
                <span class="method-start">-1570046435418 ms</span>
              </div> <!-- test-method -->
              <div class="test-method">
                <span class="method-name">testTabValidation</span>
                <span class="method-start">-1570046435418 ms</span>
              </div> <!-- test-method -->
              <div class="test-method">
                <span class="method-name">tagTabValidation</span>
                <span class="method-start">-1570046435418 ms</span>
              </div> <!-- test-method -->
              <div class="test-method">
                <span class="method-name">scriptTabValidation</span>
                <span class="method-start">-1570046435418 ms</span>
              </div> <!-- test-method -->
              <div class="test-method">
                <span class="method-name">variableTabValidation</span>
                <span class="method-start">-1570046435418 ms</span>
              </div> <!-- test-method -->
            </div> <!-- chronological-class -->
            <div class="chronological-class">
              <div class="chronological-class-name">VW_TC.TC0003_login_With_Empirix_Business_Analyst</div> <!-- chronological-class-name -->
              <div class="test-method">
                <span class="method-name">logInWithExpirixBusinessAnalyst</span>
                <span class="method-start">-1570046435418 ms</span>
              </div> <!-- test-method -->
              <div class="test-method">
                <span class="method-name">headerMandatoryDetails</span>
                <span class="method-start">-1570046435418 ms</span>
              </div> <!-- test-method -->
              <div class="test-method">
                <span class="method-name">footerMandatoryDetails</span>
                <span class="method-start">-1570046435418 ms</span>
              </div> <!-- test-method -->
              <div class="test-method">
                <span class="method-name">TabValidation</span>
                <span class="method-start">-1570046435418 ms</span>
              </div> <!-- test-method -->
              <div class="test-method">
                <span class="method-name">dashBoardTabValidation</span>
                <span class="method-start">-1570046435418 ms</span>
              </div> <!-- test-method -->
              <div class="test-method">
                <span class="method-name">alertTabValidation</span>
                <span class="method-start">-1570046435418 ms</span>
              </div> <!-- test-method -->
              <div class="test-method">
                <span class="method-name">testTabValidation</span>
                <span class="method-start">-1570046435418 ms</span>
              </div> <!-- test-method -->
              <div class="test-method">
                <span class="method-name">tagTabValidation</span>
                <span class="method-start">-1570046435418 ms</span>
              </div> <!-- test-method -->
              <div class="test-method">
                <span class="method-name">scriptTabValidation</span>
                <span class="method-start">-1570046435418 ms</span>
              </div> <!-- test-method -->
              <div class="test-method">
                <span class="method-name">variableTabValidation</span>
                <span class="method-start">-1570046435418 ms</span>
              </div> <!-- test-method -->
            </div> <!-- chronological-class -->
            <div class="chronological-class">
              <div class="chronological-class-name">VW_TC.TC0007_login_With_Partner_User</div> <!-- chronological-class-name -->
              <div class="test-method">
                <span class="method-name">logInWithPartnerUser</span>
                <span class="method-start">-1570046435418 ms</span>
              </div> <!-- test-method -->
              <div class="test-method">
                <span class="method-name">headerMandatoryDetails</span>
                <span class="method-start">-1570046435418 ms</span>
              </div> <!-- test-method -->
              <div class="test-method">
                <span class="method-name">footerMandatoryDetails</span>
                <span class="method-start">-1570046435418 ms</span>
              </div> <!-- test-method -->
              <div class="test-method">
                <span class="method-name">TabValidation</span>
                <span class="method-start">-1570046435418 ms</span>
              </div> <!-- test-method -->
              <div class="test-method">
                <span class="method-name">dashBoardTabValidation</span>
                <span class="method-start">-1570046435418 ms</span>
              </div> <!-- test-method -->
              <div class="test-method">
                <span class="method-name">alertTabValidation</span>
                <span class="method-start">-1570046435418 ms</span>
              </div> <!-- test-method -->
              <div class="test-method">
                <span class="method-name">testTabValidation</span>
                <span class="method-start">-1570046435418 ms</span>
              </div> <!-- test-method -->
              <div class="test-method">
                <span class="method-name">variableTabValidation</span>
                <span class="method-start">-1570046435418 ms</span>
              </div> <!-- test-method -->
            </div> <!-- chronological-class -->
            <div class="chronological-class">
              <div class="chronological-class-name">VW_TC.TC0011_login_With_Client_OR_Partner_Client_User</div> <!-- chronological-class-name -->
              <div class="test-method">
                <span class="method-name">logInWithPartnerClient_User</span>
                <span class="method-start">-1570046435418 ms</span>
              </div> <!-- test-method -->
              <div class="test-method">
                <span class="method-name">headerMandatoryDetails</span>
                <span class="method-start">-1570046435418 ms</span>
              </div> <!-- test-method -->
              <div class="test-method">
                <span class="method-name">footerMandatoryDetails</span>
                <span class="method-start">-1570046435418 ms</span>
              </div> <!-- test-method -->
              <div class="test-method">
                <span class="method-name">TabValidation</span>
                <span class="method-start">-1570046435418 ms</span>
              </div> <!-- test-method -->
              <div class="test-method">
                <span class="method-name">dashBoardTabValidation</span>
                <span class="method-start">-1570046435418 ms</span>
              </div> <!-- test-method -->
              <div class="test-method">
                <span class="method-name">alertTabValidation</span>
                <span class="method-start">-1570046435418 ms</span>
              </div> <!-- test-method -->
              <div class="test-method">
                <span class="method-name">testTabValidation</span>
                <span class="method-start">-1570046435418 ms</span>
              </div> <!-- test-method -->
              <div class="test-method">
                <span class="method-name">variableTabValidation</span>
                <span class="method-start">-1570046435418 ms</span>
              </div> <!-- test-method -->
          </div> <!-- main-panel-content rounded-window-bottom -->
        </div> <!-- panel -->
      </div> <!-- main-panel-root -->
    </div> <!-- wrapper -->
  </body>
</html>
