<?xml version="1.0" encoding="UTF-8"?>
<!-- Generated by org.testng.reporters.JUnitReportReporter -->
<testsuite skipped="0" hostname="REM-L-SINGHH" name="VW_TC.TC0010_login_With_Client_OR_Partner_Client_Enhanced_User" tests="10" failures="1" timestamp="26 Oct 2019 19:56:04 GMT" time="1233.738" errors="0">
  <testcase name="logInWithPartnerClient_EnhancedUser" time="16.011" classname="VW_TC.TC0010_login_With_Client_OR_Partner_Client_Enhanced_User"/>
  <testcase name="headerMandatoryDetails" time="0.577" classname="VW_TC.TC0010_login_With_Client_OR_Partner_Client_Enhanced_User"/>
  <testcase name="footerMandatoryDetails" time="0.437" classname="VW_TC.TC0010_login_With_Client_OR_Partner_Client_Enhanced_User"/>
  <testcase name="TabValidation" time="400.743" classname="VW_TC.TC0010_login_With_Client_OR_Partner_Client_Enhanced_User"/>
  <testcase name="dashBoardTabValidation" time="8.161" classname="VW_TC.TC0010_login_With_Client_OR_Partner_Client_Enhanced_User"/>
  <testcase name="alertTabValidation" time="5.965" classname="VW_TC.TC0010_login_With_Client_OR_Partner_Client_Enhanced_User"/>
  <testcase name="testTabValidation" time="4.032" classname="VW_TC.TC0010_login_With_Client_OR_Partner_Client_Enhanced_User"/>
  <testcase name="tagTabValidation" time="14.821" classname="VW_TC.TC0010_login_With_Client_OR_Partner_Client_Enhanced_User"/>
  <testcase name="scriptTabValidation" time="259.754" classname="VW_TC.TC0010_login_With_Client_OR_Partner_Client_Enhanced_User"/>
  <testcase name="variableTabValidation" time="523.237" classname="VW_TC.TC0010_login_With_Client_OR_Partner_Client_Enhanced_User">
    <failure type="java.lang.AssertionError" message="expected [Variables] but found [Variables
0]">
      <![CDATA[java.lang.AssertionError: expected [Variables] but found [Variables
0]
at org.testng.Assert.fail(Assert.java:96)
at org.testng.Assert.failNotEquals(Assert.java:776)
at org.testng.Assert.assertEqualsImpl(Assert.java:137)
at org.testng.Assert.assertEquals(Assert.java:118)
at org.testng.Assert.assertEquals(Assert.java:453)
at org.testng.Assert.assertEquals(Assert.java:463)
at PageActions.pom008_VoiceWatch_Variable_Tab.createVariableByButton(pom008_VoiceWatch_Variable_Tab.java:237)
at VW_TC.TC0010_login_With_Client_OR_Partner_Client_Enhanced_User.variableTabValidation(TC0010_login_With_Client_OR_Partner_Client_Enhanced_User.java:157)
at sun.reflect.NativeMethodAccessorImpl.invoke0(Native Method)
at sun.reflect.NativeMethodAccessorImpl.invoke(Unknown Source)
at sun.reflect.DelegatingMethodAccessorImpl.invoke(Unknown Source)
at java.lang.reflect.Method.invoke(Unknown Source)
at org.testng.internal.MethodInvocationHelper.invokeMethod(MethodInvocationHelper.java:124)
at org.testng.internal.Invoker.invokeMethod(Invoker.java:583)
at org.testng.internal.Invoker.invokeTestMethod(Invoker.java:719)
at org.testng.internal.Invoker.invokeTestMethods(Invoker.java:989)
at org.testng.internal.TestMethodWorker.invokeTestMethods(TestMethodWorker.java:125)
at org.testng.internal.TestMethodWorker.run(TestMethodWorker.java:109)
at org.testng.TestRunner.privateRun(TestRunner.java:648)
at org.testng.TestRunner.run(TestRunner.java:505)
at org.testng.SuiteRunner.runTest(SuiteRunner.java:455)
at org.testng.SuiteRunner.runSequentially(SuiteRunner.java:450)
at org.testng.SuiteRunner.privateRun(SuiteRunner.java:415)
at org.testng.SuiteRunner.run(SuiteRunner.java:364)
at org.testng.SuiteRunnerWorker.runSuite(SuiteRunnerWorker.java:52)
at org.testng.SuiteRunnerWorker.run(SuiteRunnerWorker.java:84)
at org.testng.TestNG.runSuitesSequentially(TestNG.java:1208)
at org.testng.TestNG.runSuitesLocally(TestNG.java:1137)
at org.testng.TestNG.runSuites(TestNG.java:1049)
at org.testng.TestNG.run(TestNG.java:1017)
at org.testng.remote.AbstractRemoteTestNG.run(AbstractRemoteTestNG.java:114)
at org.testng.remote.RemoteTestNG.initAndRun(RemoteTestNG.java:251)
at org.testng.remote.RemoteTestNG.main(RemoteTestNG.java:77)
]]>
    </failure>
  </testcase> <!-- variableTabValidation -->
</testsuite> <!-- VW_TC.TC0010_login_With_Client_OR_Partner_Client_Enhanced_User -->
