<?xml version="1.0" encoding="UTF-8"?>
<!-- Generated by org.testng.reporters.JUnitReportReporter -->
<testsuite skipped="11" hostname="REM-L-SINGHH" name="VW_TC.TC0018_login_With_Exmpirix_Admin_Sanity2" tests="12" failures="0" timestamp="2019-11-24T21:13:24 IST" time="31.593" errors="1">
  <testcase name="applicationLaunch" time="31.593" classname="VW_TC.TC0018_login_With_Exmpirix_Admin_Sanity2">
    <error type="org.openqa.selenium.NoSuchElementException" message="Cannot locate an element using name=callback_0
For documentation on this error, please visit: https://www.seleniumhq.org/exceptions/no_such_element.html
Build info: version: &#039;3.141.59&#039;, revision: &#039;e82be7d358&#039;, time: &#039;2018-11-14T08:17:03&#039;
System info: host: &#039;REM-L-SINGHH&#039;, ip: &#039;10.12.60.25&#039;, os.name: &#039;Windows 10&#039;, os.arch: &#039;amd64&#039;, os.version: &#039;10.0&#039;, java.version: &#039;1.8.0_171&#039;
Driver info: driver.version: RemoteWebDriver">
      <![CDATA[org.openqa.selenium.NoSuchElementException: Cannot locate an element using name=callback_0
For documentation on this error, please visit: https://www.seleniumhq.org/exceptions/no_such_element.html
Build info: version: '3.141.59', revision: 'e82be7d358', time: '2018-11-14T08:17:03'
System info: host: 'REM-L-SINGHH', ip: '10.12.60.25', os.name: 'Windows 10', os.arch: 'amd64', os.version: '10.0', java.version: '1.8.0_171'
Driver info: driver.version: RemoteWebDriver
at org.openqa.selenium.remote.RemoteWebDriver.findElement(RemoteWebDriver.java:327)
at org.openqa.selenium.remote.RemoteWebDriver.findElementByName(RemoteWebDriver.java:404)
at org.openqa.selenium.By$ByName.findElement(By.java:284)
at org.openqa.selenium.remote.RemoteWebDriver.findElement(RemoteWebDriver.java:315)
at PageActions.pom001_VoiceWatch_logIn_Page.getUsername(pom001_VoiceWatch_logIn_Page.java:124)
at VW_TC.TC0018_login_With_Exmpirix_Admin_Sanity2.applicationLaunch(TC0018_login_With_Exmpirix_Admin_Sanity2.java:44)
at sun.reflect.NativeMethodAccessorImpl.invoke0(Native Method)
at sun.reflect.NativeMethodAccessorImpl.invoke(NativeMethodAccessorImpl.java:62)
at sun.reflect.DelegatingMethodAccessorImpl.invoke(DelegatingMethodAccessorImpl.java:43)
at java.lang.reflect.Method.invoke(Method.java:498)
at org.testng.internal.MethodInvocationHelper.invokeMethod(MethodInvocationHelper.java:133)
at org.testng.internal.MethodInvocationHelper.invokeMethodConsideringTimeout(MethodInvocationHelper.java:62)
at org.testng.internal.ConfigInvoker.invokeConfigurationMethod(ConfigInvoker.java:340)
at org.testng.internal.ConfigInvoker.invokeConfigurations(ConfigInvoker.java:294)
at org.testng.internal.TestInvoker.runConfigMethods(TestInvoker.java:683)
at org.testng.internal.TestInvoker.invokeMethod(TestInvoker.java:510)
at org.testng.internal.TestInvoker.invokeTestMethod(TestInvoker.java:172)
at org.testng.internal.MethodRunner.runInSequence(MethodRunner.java:46)
at org.testng.internal.TestInvoker$MethodInvocationAgent.invoke(TestInvoker.java:804)
at org.testng.internal.TestInvoker.invokeTestMethods(TestInvoker.java:145)
at org.testng.internal.TestMethodWorker.invokeTestMethods(TestMethodWorker.java:146)
at org.testng.internal.TestMethodWorker.run(TestMethodWorker.java:128)
at java.util.ArrayList.forEach(ArrayList.java:1257)
at org.testng.TestRunner.privateRun(TestRunner.java:770)
at org.testng.TestRunner.run(TestRunner.java:591)
at org.testng.SuiteRunner.runTest(SuiteRunner.java:402)
at org.testng.SuiteRunner.runSequentially(SuiteRunner.java:396)
at org.testng.SuiteRunner.privateRun(SuiteRunner.java:355)
at org.testng.SuiteRunner.run(SuiteRunner.java:304)
at org.testng.SuiteRunnerWorker.runSuite(SuiteRunnerWorker.java:53)
at org.testng.SuiteRunnerWorker.run(SuiteRunnerWorker.java:96)
at org.testng.TestNG.runSuitesSequentially(TestNG.java:1180)
at org.testng.TestNG.runSuitesLocally(TestNG.java:1102)
at org.testng.TestNG.runSuites(TestNG.java:1032)
at org.testng.TestNG.run(TestNG.java:1000)
at org.apache.maven.surefire.testng.TestNGExecutor.run(TestNGExecutor.java:283)
at org.apache.maven.surefire.testng.TestNGXmlTestSuite.execute(TestNGXmlTestSuite.java:75)
at org.apache.maven.surefire.testng.TestNGProvider.invoke(TestNGProvider.java:120)
at org.apache.maven.surefire.booter.ForkedBooter.invokeProviderInSameClassLoader(ForkedBooter.java:383)
at org.apache.maven.surefire.booter.ForkedBooter.runSuitesInProcess(ForkedBooter.java:344)
at org.apache.maven.surefire.booter.ForkedBooter.execute(ForkedBooter.java:125)
at org.apache.maven.surefire.booter.ForkedBooter.main(ForkedBooter.java:417)
]]>
    </error>
  </testcase> <!-- applicationLaunch -->
  <testcase name="createScript" time="0.000" classname="VW_TC.TC0018_login_With_Exmpirix_Admin_Sanity2">
    <skipped/>
  </testcase> <!-- createScript -->
  <testcase name="deleteScript_AllData" time="0.000" classname="VW_TC.TC0018_login_With_Exmpirix_Admin_Sanity2">
    <skipped/>
  </testcase> <!-- deleteScript_AllData -->
  <testcase name="deleteScript_only" time="0.000" classname="VW_TC.TC0018_login_With_Exmpirix_Admin_Sanity2">
    <skipped/>
  </testcase> <!-- deleteScript_only -->
  <testcase name="copyScript" time="0.000" classname="VW_TC.TC0018_login_With_Exmpirix_Admin_Sanity2">
    <skipped/>
  </testcase> <!-- copyScript -->
  <testcase name="updateScript" time="0.000" classname="VW_TC.TC0018_login_With_Exmpirix_Admin_Sanity2">
    <skipped/>
  </testcase> <!-- updateScript -->
  <testcase name="createScript_by_ScriptUpload" time="0.000" classname="VW_TC.TC0018_login_With_Exmpirix_Admin_Sanity2">
    <skipped/>
  </testcase> <!-- createScript_by_ScriptUpload -->
  <testcase name="deleteScript_by_ScriptUpload" time="0.000" classname="VW_TC.TC0018_login_With_Exmpirix_Admin_Sanity2">
    <skipped/>
  </testcase> <!-- deleteScript_by_ScriptUpload -->
  <testcase name="createScript_by_CSV" time="0.000" classname="VW_TC.TC0018_login_With_Exmpirix_Admin_Sanity2">
    <skipped/>
  </testcase> <!-- createScript_by_CSV -->
  <testcase name="createTest" time="0.000" classname="VW_TC.TC0018_login_With_Exmpirix_Admin_Sanity2">
    <skipped/>
  </testcase> <!-- createTest -->
  <testcase name="deleteTest" time="0.000" classname="VW_TC.TC0018_login_With_Exmpirix_Admin_Sanity2">
    <skipped/>
  </testcase> <!-- deleteTest -->
  <testcase name="updateTest" time="0.000" classname="VW_TC.TC0018_login_With_Exmpirix_Admin_Sanity2">
    <skipped/>
  </testcase> <!-- updateTest -->
</testsuite> <!-- VW_TC.TC0018_login_With_Exmpirix_Admin_Sanity2 -->
